#
# There is insufficient memory for the Java Runtime Environment to continue.
# Native memory allocation (mmap) failed to map 268435456 bytes for G1 virtual space
# Possible reasons:
#   The system is out of physical RAM or swap space
#   The process is running with CompressedOops enabled, and the Java Heap may be blocking the growth of the native heap
# Possible solutions:
#   Reduce memory load on the system
#   Increase physical memory or swap space
#   Check if swap backing store is full
#   Decrease Java heap size (-Xmx/-Xms)
#   Decrease number of Java threads
#   Decrease Java thread stack sizes (-Xss)
#   Set larger code cache with -XX:ReservedCodeCacheSize=
#   JVM is running with Zero Based Compressed Oops mode in which the Java heap is
#     placed in the first 32GB address space. The Java Heap base address is the
#     maximum limit for the native heap growth. Please use -XX:HeapBaseMinAddress
#     to set the Java Heap base and to place the Java Heap above 32GB virtual address.
# This output file may be truncated or incomplete.
#
#  Out of Memory Error (os_windows.cpp:3466), pid=23908, tid=13176
#
# JRE version:  (16.0.1+9) (build )
# Java VM: OpenJDK 64-Bit Server VM (16.0.1+9-24, mixed mode, sharing, tiered, compressed oops, compressed class ptrs, g1 gc, windows-amd64)
# No core dump will be written. Minidumps are not enabled by default on client versions of Windows
#

---------------  S U M M A R Y ------------

Command Line: -Dfile.encoding=utf-8 -XX:+ShowCodeDetailsInExceptionMessages lm.view.DeptProc

Host: Intel(R) Core(TM) i7-8700K CPU @ 3.70GHz, 12 cores, 15G,  Windows 10 , 64 bit Build 19041 (10.0.19041.2364)
Time: Mon Feb 27 19:11:24 2023  Windows 10 , 64 bit Build 19041 (10.0.19041.2364) elapsed time: 0.012037 seconds (0d 0h 0m 0s)

---------------  T H R E A D  ---------------

Current thread (0x000002355609a670):  JavaThread "Unknown thread" [_thread_in_vm, id=13176, stack(0x0000005424000000,0x0000005424100000)]

Stack: [0x0000005424000000,0x0000005424100000]
Native frames: (J=compiled Java code, j=interpreted, Vv=VM code, C=native code)
V  [jvm.dll+0x6687ca]
V  [jvm.dll+0x7ca3c9]
V  [jvm.dll+0x7cbb53]
V  [jvm.dll+0x7cc1b3]
V  [jvm.dll+0x242ea5]
V  [jvm.dll+0x665589]
V  [jvm.dll+0x65a175]
V  [jvm.dll+0x2fc5ab]
V  [jvm.dll+0x3037a6]
V  [jvm.dll+0x352fee]
V  [jvm.dll+0x35321f]
V  [jvm.dll+0x2d3618]
V  [jvm.dll+0x2d4854]
V  [jvm.dll+0x79ccb1]
V  [jvm.dll+0x360de1]
V  [jvm.dll+0x77a990]
V  [jvm.dll+0x3e55af]
V  [jvm.dll+0x3e7081]
C  [jli.dll+0x52fb]
C  [ucrtbase.dll+0x21bb2]
C  [KERNEL32.DLL+0x17614]
C  [ntdll.dll+0x526a1]


---------------  P R O C E S S  ---------------

Threads class SMR info:
_java_thread_list=0x00007ffaee93cbb8, length=0, elements={
}

Java Threads: ( => current thread )

Other Threads:
  0x00000235560ea620 GCTaskThread "GC Thread#0" [stack: 0x0000005424100000,0x0000005424200000] [id=34876]
  0x00000235560fce10 ConcurrentGCThread "G1 Main Marker" [stack: 0x0000005424200000,0x0000005424300000] [id=33668]
  0x00000235560fe890 ConcurrentGCThread "G1 Conc#0" [stack: 0x0000005424300000,0x0000005424400000] [id=22232]

[error occurred during error reporting (printing all threads), id 0xc0000005, EXCEPTION_ACCESS_VIOLATION (0xc0000005) at pc=0x00007ffaee1144d7]

VM state: not at safepoint (not fully initialized)

VM Mutex/Monitor currently owned by a thread:  ([mutex/lock_event])
[0x00000235560975d0] Heap_lock - owner thread: 0x000002355609a670

Heap address: 0x0000000701000000, size: 4080 MB, Compressed Oops mode: Zero based, Oop shift amount: 3

CDS archive(s) mapped at: [0x0000000000000000-0x0000000000000000-0x0000000000000000), size 0, SharedBaseAddress: 0x0000000800000000, ArchiveRelocationMode: 0.
Narrow klass base: 0x0000000000000000, Narrow klass shift: 0, Narrow klass range: 0x0

GC Precious Log:
<Empty>

Heap:
 garbage-first heap   total 0K, used 0K [0x0000000701000000, 0x0000000800000000)
  region size 2048K, 0 young (0K), 0 survivors (0K)

[error occurred during error reporting (printing heap information), id 0xc0000005, EXCEPTION_ACCESS_VIOLATION (0xc0000005) at pc=0x00007ffaee4f24ed]

GC Heap History (0 events):
No events

Deoptimization events (0 events):
No events

Classes unloaded (0 events):
No events

Classes redefined (0 events):
No events

Internal exceptions (0 events):
No events

Events (1 events):
Event: 0.009 Loaded shared library D:\eclipse\plugins\org.eclipse.justj.openjdk.hotspot.jre.full.win32.x86_64_16.0.1.v20210528-1205\jre\bin\java.dll


Dynamic libraries:
0x00007ff687780000 - 0x00007ff68778e000 	D:\eclipse\plugins\org.eclipse.justj.openjdk.hotspot.jre.full.win32.x86_64_16.0.1.v20210528-1205\jre\bin\javaw.exe
0x00007ffb329d0000 - 0x00007ffb32bc8000 	C:\Windows\SYSTEM32\ntdll.dll
0x00007ffb317e0000 - 0x00007ffb3189f000 	C:\Windows\System32\KERNEL32.DLL
0x00007ffb30730000 - 0x00007ffb30a02000 	C:\Windows\System32\KERNELBASE.dll
0x00007ffb300c0000 - 0x00007ffb301c0000 	C:\Windows\System32\ucrtbase.dll
0x00007ffb21220000 - 0x00007ffb21239000 	D:\eclipse\plugins\org.eclipse.justj.openjdk.hotspot.jre.full.win32.x86_64_16.0.1.v20210528-1205\jre\bin\VCRUNTIME140.dll
0x00007ffb21660000 - 0x00007ffb21678000 	D:\eclipse\plugins\org.eclipse.justj.openjdk.hotspot.jre.full.win32.x86_64_16.0.1.v20210528-1205\jre\bin\jli.dll
0x00007ffb327e0000 - 0x00007ffb32981000 	C:\Windows\System32\USER32.dll
0x00007ffb30400000 - 0x00007ffb30422000 	C:\Windows\System32\win32u.dll
0x00007ffb322b0000 - 0x00007ffb322db000 	C:\Windows\System32\GDI32.dll
0x00007ffb0e220000 - 0x00007ffb0e4ba000 	C:\Windows\WinSxS\amd64_microsoft.windows.common-controls_6595b64144ccf1df_6.0.19041.1110_none_60b5254171f9507e\COMCTL32.dll
0x00007ffb30260000 - 0x00007ffb3036f000 	C:\Windows\System32\gdi32full.dll
0x00007ffb30ba0000 - 0x00007ffb30c3e000 	C:\Windows\System32\msvcrt.dll
0x00007ffb301c0000 - 0x00007ffb3025d000 	C:\Windows\System32\msvcp_win.dll
0x00007ffb31a70000 - 0x00007ffb31aa2000 	C:\Windows\System32\IMM32.DLL
0x00007ffb216f0000 - 0x00007ffb216fc000 	D:\eclipse\plugins\org.eclipse.justj.openjdk.hotspot.jre.full.win32.x86_64_16.0.1.v20210528-1205\jre\bin\vcruntime140_1.dll
0x00007ffb1f420000 - 0x00007ffb1f4b1000 	D:\eclipse\plugins\org.eclipse.justj.openjdk.hotspot.jre.full.win32.x86_64_16.0.1.v20210528-1205\jre\bin\msvcp140.dll
0x00007ffaede30000 - 0x00007ffaee9db000 	D:\eclipse\plugins\org.eclipse.justj.openjdk.hotspot.jre.full.win32.x86_64_16.0.1.v20210528-1205\jre\bin\server\jvm.dll
0x00007ffb30a10000 - 0x00007ffb30abe000 	C:\Windows\System32\ADVAPI32.dll
0x00007ffb318a0000 - 0x00007ffb3193c000 	C:\Windows\System32\sechost.dll
0x00007ffb31c90000 - 0x00007ffb31db5000 	C:\Windows\System32\RPCRT4.dll
0x00007ffb319f0000 - 0x00007ffb319f8000 	C:\Windows\System32\PSAPI.DLL
0x00007ffb1e680000 - 0x00007ffb1e689000 	C:\Windows\SYSTEM32\WSOCK32.dll
0x00007ffb1ff10000 - 0x00007ffb1ff37000 	C:\Windows\SYSTEM32\WINMM.dll
0x00007ffb2b500000 - 0x00007ffb2b50a000 	C:\Windows\SYSTEM32\VERSION.dll
0x00007ffb31770000 - 0x00007ffb317db000 	C:\Windows\System32\WS2_32.dll
0x00007ffb2dfa0000 - 0x00007ffb2dfb2000 	C:\Windows\SYSTEM32\kernel.appcore.dll
0x00007ffaf0e00000 - 0x00007ffaf0e0a000 	D:\eclipse\plugins\org.eclipse.justj.openjdk.hotspot.jre.full.win32.x86_64_16.0.1.v20210528-1205\jre\bin\jimage.dll
0x00007ffb29940000 - 0x00007ffb29b24000 	C:\Windows\SYSTEM32\DBGHELP.DLL
0x00007ffb292b0000 - 0x00007ffb292e5000 	C:\Windows\SYSTEM32\dbgcore.DLL
0x00007ffb30370000 - 0x00007ffb303f2000 	C:\Windows\System32\bcryptPrimitives.dll
0x00007ffaef5f0000 - 0x00007ffaef615000 	D:\eclipse\plugins\org.eclipse.justj.openjdk.hotspot.jre.full.win32.x86_64_16.0.1.v20210528-1205\jre\bin\java.dll

dbghelp: loaded successfully - version: 4.0.5 - missing functions: none
symbol engine: initialized successfully - sym options: 0x614 - pdb path: .;D:\eclipse\plugins\org.eclipse.justj.openjdk.hotspot.jre.full.win32.x86_64_16.0.1.v20210528-1205\jre\bin;C:\Windows\SYSTEM32;C:\Windows\WinSxS\amd64_microsoft.windows.common-controls_6595b64144ccf1df_6.0.19041.1110_none_60b5254171f9507e;D:\eclipse\plugins\org.eclipse.justj.openjdk.hotspot.jre.full.win32.x86_64_16.0.1.v20210528-1205\jre\bin\server

VM Arguments:
jvm_args: -Dfile.encoding=utf-8 -XX:+ShowCodeDetailsInExceptionMessages 
java_command: lm.view.DeptProc
java_class_path (initial): C:\Users\GGG\git\ProjectLM\PrjLB\bin;C:\Users\GGG\git\ProjectLM\PrjLB\lib\activation-1.1.1.jar;C:\Users\GGG\git\ProjectLM\PrjLB\lib\commons-codec-1.13.jar;C:\Users\GGG\git\ProjectLM\PrjLB\lib\commons-collections4-4.4.jar;C:\Users\GGG\git\ProjectLM\PrjLB\lib\commons-compress-1.19.jar;C:\Users\GGG\git\ProjectLM\PrjLB\lib\commons-logging-1.2.jar;C:\Users\GGG\git\ProjectLM\PrjLB\lib\commons-math3-3.6.1.jar;C:\Users\GGG\git\ProjectLM\PrjLB\lib\jaxb-api-2.3.1.jar;C:\Users\GGG\git\ProjectLM\PrjLB\lib\jaxb-core-2.3.0.1.jar;C:\Users\GGG\git\ProjectLM\PrjLB\lib\jaxb-impl-2.3.2.jar;C:\Users\GGG\git\ProjectLM\PrjLB\lib\junit-4.12.jar;C:\Users\GGG\git\ProjectLM\PrjLB\lib\log4j-1.2.17.jar;C:\Users\GGG\git\ProjectLM\PrjLB\lib\poi-4.1.1.jar;C:\Users\GGG\git\ProjectLM\PrjLB\lib\poi-examples-4.1.1.jar;C:\Users\GGG\git\ProjectLM\PrjLB\lib\poi-excelant-4.1.1.jar;C:\Users\GGG\git\ProjectLM\PrjLB\lib\poi-ooxml-4.1.1.jar;C:\Users\GGG\git\ProjectLM\PrjLB\lib\poi-ooxml-schemas-4.1.1.jar;C:\Users\GGG\git\ProjectLM\PrjLB\lib\poi-scratchpad-4.1.1.jar;C:\Users\GGG\git\ProjectLM\PrjLB\lib\xmlbeans-3.1.0.jar;C:\Users\GGG\git\ProjectLM\PrjLB\lib\jdatepicker-1.3.2.jar;C:\Users\GGG\git\ProjectLM\PrjLB\Oraclelib\osdt_core.jar;C:\Users\GGG\git\ProjectLM\PrjLB\Oraclelib\osdt_cert.jar;C:\Users\GGG\git\ProjectLM\PrjLB\Oraclelib\oraclepki.jar;C:\Users\GGG\git\ProjectLM\PrjLB\Oraclelib\ojdbc8.jar
Launcher Type: SUN_STANDARD

[Global flags]
     intx CICompilerCount                          = 4                                         {product} {ergonomic}
     uint ConcGCThreads                            = 3                                         {product} {ergonomic}
     uint G1ConcRefinementThreads                  = 10                                        {product} {ergonomic}
   size_t G1HeapRegionSize                         = 2097152                                   {product} {ergonomic}
    uintx GCDrainStackTargetSize                   = 64                                        {product} {ergonomic}
   size_t InitialHeapSize                          = 268435456                                 {product} {ergonomic}
   size_t MarkStackSize                            = 4194304                                   {product} {ergonomic}
   size_t MaxHeapSize                              = 4278190080                                {product} {ergonomic}
   size_t MinHeapDeltaBytes                        = 2097152                                   {product} {ergonomic}
   size_t MinHeapSize                              = 8388608                                   {product} {ergonomic}
    uintx NonNMethodCodeHeapSize                   = 5839372                                {pd product} {ergonomic}
    uintx NonProfiledCodeHeapSize                  = 122909434                              {pd product} {ergonomic}
    uintx ProfiledCodeHeapSize                     = 122909434                              {pd product} {ergonomic}
    uintx ReservedCodeCacheSize                    = 251658240                              {pd product} {ergonomic}
     bool SegmentedCodeCache                       = true                                      {product} {ergonomic}
     bool ShowCodeDetailsInExceptionMessages       = true                                   {manageable} {command line}
   size_t SoftMaxHeapSize                          = 4278190080                             {manageable} {ergonomic}
     bool UseCompressedClassPointers               = true                           {product lp64_product} {ergonomic}
     bool UseCompressedOops                        = true                           {product lp64_product} {ergonomic}
     bool UseG1GC                                  = true                                      {product} {ergonomic}
     bool UseLargePagesIndividualAllocation        = false                                  {pd product} {ergonomic}

Logging:
Log output configuration:
 #0: stdout all=warning uptime,level,tags
 #1: stderr all=off uptime,level,tags

Environment Variables:
JAVA_HOME=C:\Program Files\Java\jdk-11.0.16.1
PATH=D:/eclipse//plugins/org.eclipse.justj.openjdk.hotspot.jre.full.win32.x86_64_16.0.1.v20210528-1205/jre/bin/server;D:/eclipse//plugins/org.eclipse.justj.openjdk.hotspot.jre.full.win32.x86_64_16.0.1.v20210528-1205/jre/bin;C:\oraclexe\app\oracle\product\11.2.0\server\bin;C:\Program Files\Common Files\Oracle\Java\javapath;C:\Program Files (x86)\Common Files\Intel\Shared Libraries\redist\intel64\compiler;C:\Windows\system32;C:\Windows;C:\Windows\System32\Wbem;C:\Windows\System32\WindowsPowerShell\v1.0\;C:\Windows\System32\OpenSSH\;C:\Program Files\Java\jdk-11.0.16.1\bin;C:\Program Files\Java\jdk-11.0.16.1\bin;C:\Program Files\Git\cmd;C:\Users\GGG\AppData\Local\Microsoft\WindowsApps;;D:\eclipse;
USERNAME=GGG
OS=Windows_NT
PROCESSOR_IDENTIFIER=Intel64 Family 6 Model 158 Stepping 10, GenuineIntel



---------------  S Y S T E M  ---------------

OS:
 Windows 10 , 64 bit Build 19041 (10.0.19041.2364)
OS uptime: 0 days 6:26 hours

CPU: total 12 (initial active 12) (6 cores per cpu, 2 threads per core) family 6 model 158 stepping 10 microcode 0xb4, cx8, cmov, fxsr, ht, mmx, 3dnowpref, sse, sse2, sse3, ssse3, sse4.1, sse4.2, popcnt, lzcnt, tsc, tscinvbit, avx, avx2, aes, erms, clmul, bmi1, bmi2, rtm, adx, fma, vzeroupper, clflush, clflushopt

Memory: 4k page, system-wide physical 16317M (4558M free)
TotalPageFile size 53818M (AvailPageFile size 89M)
current process WorkingSet (physical memory assigned to process): 10M, peak: 10M
current process commit charge ("private bytes"): 64M, peak: 320M

vm_info: OpenJDK 64-Bit Server VM (16.0.1+9-24) for windows-amd64 JRE (16.0.1+9-24), built on Mar 26 2021 19:30:07 by "mach5one" with MS VC++ 16.7 (VS2019)

END.
