#
# There is insufficient memory for the Java Runtime Environment to continue.
# Native memory allocation (mmap) failed to map 65536 bytes for Failed to commit metaspace.
# Possible reasons:
#   The system is out of physical RAM or swap space
#   The process is running with CompressedOops enabled, and the Java Heap may be blocking the growth of the native heap
# Possible solutions:
#   Reduce memory load on the system
#   Increase physical memory or swap space
#   Check if swap backing store is full
#   Decrease Java heap size (-Xmx/-Xms)
#   Decrease number of Java threads
#   Decrease Java thread stack sizes (-Xss)
#   Set larger code cache with -XX:ReservedCodeCacheSize=
#   JVM is running with Zero Based Compressed Oops mode in which the Java heap is
#     placed in the first 32GB address space. The Java Heap base address is the
#     maximum limit for the native heap growth. Please use -XX:HeapBaseMinAddress
#     to set the Java Heap base and to place the Java Heap above 32GB virtual address.
# This output file may be truncated or incomplete.
#
#  Out of Memory Error (virtualSpaceNode.cpp:108), pid=27024, tid=5136
#
# JRE version: OpenJDK Runtime Environment (16.0.1+9) (build 16.0.1+9-24)
# Java VM: OpenJDK 64-Bit Server VM (16.0.1+9-24, mixed mode, tiered, compressed oops, compressed class ptrs, g1 gc, windows-amd64)
# No core dump will be written. Minidumps are not enabled by default on client versions of Windows
#

---------------  S U M M A R Y ------------

Command Line: -Dfile.encoding=utf-8 -XX:+ShowCodeDetailsInExceptionMessages lm.view.DeptProc

Host: Intel(R) Core(TM) i7-8700K CPU @ 3.70GHz, 12 cores, 15G,  Windows 10 , 64 bit Build 19041 (10.0.19041.2364)
Time: Mon Feb 27 18:59:38 2023  Windows 10 , 64 bit Build 19041 (10.0.19041.2364) elapsed time: 0.496452 seconds (0d 0h 0m 0s)

---------------  T H R E A D  ---------------

Current thread (0x000002104623a5b0):  JavaThread "main" [_thread_in_vm, id=5136, stack(0x00000054f7200000,0x00000054f7300000)]

Stack: [0x00000054f7200000,0x00000054f7300000]
Native frames: (J=compiled Java code, j=interpreted, Vv=VM code, C=native code)
V  [jvm.dll+0x6687ca]
V  [jvm.dll+0x7ca3c9]
V  [jvm.dll+0x7cbb53]
V  [jvm.dll+0x7cc1b3]
V  [jvm.dll+0x242ea5]
V  [jvm.dll+0x7c6a4b]
V  [jvm.dll+0x60e436]
V  [jvm.dll+0x60e49a]
V  [jvm.dll+0x610aca]
V  [jvm.dll+0x60ed31]
V  [jvm.dll+0x24090c]
V  [jvm.dll+0x6bf62d]
V  [jvm.dll+0x6c004f]
V  [jvm.dll+0x367673]
V  [jvm.dll+0x3668a2]
V  [jvm.dll+0x366848]
V  [jvm.dll+0x375bad]
C  0x00000210497cc3b7

Java frames: (J=compiled Java code, j=interpreted, Vv=VM code)
j  java.lang.ProcessEnvironment.<clinit>()V+10 java.base@16.0.1
v  ~StubRoutines::call_stub
j  java.lang.System.getenv(Ljava/lang/String;)Ljava/lang/String;+39 java.base@16.0.1
j  sun.font.SunFontManager$3.run()Ljava/lang/Boolean;+8 java.desktop@16.0.1
j  sun.font.SunFontManager$3.run()Ljava/lang/Object;+1 java.desktop@16.0.1
J 746 c1 java.security.AccessController.doPrivileged(Ljava/security/PrivilegedAction;)Ljava/lang/Object; java.base@16.0.1 (9 bytes) @ 0x0000021049e6c9c4 [0x0000021049e6c860+0x0000000000000164]
j  sun.font.SunFontManager.<init>()V+225 java.desktop@16.0.1
j  sun.awt.Win32FontManager.<init>()V+1 java.desktop@16.0.1
v  ~StubRoutines::call_stub
j  jdk.internal.reflect.NativeConstructorAccessorImpl.newInstance0(Ljava/lang/reflect/Constructor;[Ljava/lang/Object;)Ljava/lang/Object;+0 java.base@16.0.1
j  jdk.internal.reflect.NativeConstructorAccessorImpl.newInstance([Ljava/lang/Object;)Ljava/lang/Object;+131 java.base@16.0.1
j  jdk.internal.reflect.DelegatingConstructorAccessorImpl.newInstance([Ljava/lang/Object;)Ljava/lang/Object;+5 java.base@16.0.1
j  java.lang.reflect.Constructor.newInstanceWithCaller([Ljava/lang/Object;ZLjava/lang/Class;)Ljava/lang/Object;+65 java.base@16.0.1
j  java.lang.reflect.Constructor.newInstance([Ljava/lang/Object;)Ljava/lang/Object;+30 java.base@16.0.1
j  sun.font.FontManagerFactory$1.run()Ljava/lang/Object;+32 java.desktop@16.0.1
J 709 c1 java.security.AccessController.executePrivileged(Ljava/security/PrivilegedAction;Ljava/security/AccessControlContext;Ljava/lang/Class;)Ljava/lang/Object; java.base@16.0.1 (65 bytes) @ 0x0000021049e6023c [0x0000021049e600e0+0x000000000000015c]
j  java.security.AccessController.doPrivileged(Ljava/security/PrivilegedAction;)Ljava/lang/Object;+5 java.base@16.0.1
j  sun.font.FontManagerFactory.getInstance()Lsun/font/FontManager;+17 java.desktop@16.0.1
j  sun.font.SunFontManager.getInstance()Lsun/font/SunFontManager;+0 java.desktop@16.0.1
j  sun.awt.PlatformFont.<init>(Ljava/lang/String;I)V+4 java.desktop@16.0.1
j  sun.awt.windows.WFontPeer.<init>(Ljava/lang/String;I)V+3 java.desktop@16.0.1
j  sun.awt.windows.WToolkit.getFontPeer(Ljava/lang/String;I)Ljava/awt/peer/FontPeer;+48 java.desktop@16.0.1
j  java.awt.Font.getFontPeer()Ljava/awt/peer/FontPeer;+31 java.desktop@16.0.1
v  ~StubRoutines::call_stub
j  sun.awt.windows.WComponentPeer._setFont(Ljava/awt/Font;)V+0 java.desktop@16.0.1
j  sun.awt.windows.WComponentPeer.setFont(Ljava/awt/Font;)V+7 java.desktop@16.0.1
j  sun.awt.windows.WWindowPeer.initialize()V+42 java.desktop@16.0.1
j  sun.awt.windows.WFramePeer.initialize()V+1 java.desktop@16.0.1
j  sun.awt.windows.WComponentPeer.<init>(Ljava/awt/Component;)V+83 java.desktop@16.0.1
j  sun.awt.windows.WCanvasPeer.<init>(Ljava/awt/Component;)V+2 java.desktop@16.0.1
j  sun.awt.windows.WPanelPeer.<init>(Ljava/awt/Component;)V+2 java.desktop@16.0.1
j  sun.awt.windows.WWindowPeer.<init>(Ljava/awt/Window;)V+2 java.desktop@16.0.1
j  sun.awt.windows.WFramePeer.<init>(Ljava/awt/Frame;)V+2 java.desktop@16.0.1
j  sun.awt.windows.WToolkit.createFrame(Ljava/awt/Frame;)Ljava/awt/peer/FramePeer;+5 java.desktop@16.0.1
j  java.awt.Frame.addNotify()V+20 java.desktop@16.0.1
j  java.awt.Window.show()V+8 java.desktop@16.0.1
j  java.awt.Component.show(Z)V+5 java.desktop@16.0.1
j  java.awt.Component.setVisible(Z)V+2 java.desktop@16.0.1
j  java.awt.Window.setVisible(Z)V+2 java.desktop@16.0.1
j  lm.view.DeptProc.init()V+1076
j  lm.view.DeptProc.<init>()V+27
j  lm.view.DeptProc.main([Ljava/lang/String;)V+3
v  ~StubRoutines::call_stub

---------------  P R O C E S S  ---------------

Threads class SMR info:
_java_thread_list=0x000002106623e190, length=17, elements={
0x000002104623a5b0, 0x0000021065c35650, 0x0000021065c36310, 0x0000021065c21890,
0x0000021065c56000, 0x0000021065c56910, 0x0000021065c57220, 0x0000021065c5b360,
0x0000021065c5bcb0, 0x0000021065c92010, 0x0000021065e1d730, 0x0000021065e34020,
0x000002106621b070, 0x000002106621d9a0, 0x000002106621dec0, 0x00000210665be700,
0x00000210665e7af0
}

Java Threads: ( => current thread )
=>0x000002104623a5b0 JavaThread "main" [_thread_in_vm, id=5136, stack(0x00000054f7200000,0x00000054f7300000)]
  0x0000021065c35650 JavaThread "Reference Handler" daemon [_thread_blocked, id=34040, stack(0x00000054f7900000,0x00000054f7a00000)]
  0x0000021065c36310 JavaThread "Finalizer" daemon [_thread_blocked, id=28580, stack(0x00000054f7a00000,0x00000054f7b00000)]
  0x0000021065c21890 JavaThread "Signal Dispatcher" daemon [_thread_blocked, id=16700, stack(0x00000054f7b00000,0x00000054f7c00000)]
  0x0000021065c56000 JavaThread "Attach Listener" daemon [_thread_blocked, id=7104, stack(0x00000054f7c00000,0x00000054f7d00000)]
  0x0000021065c56910 JavaThread "Service Thread" daemon [_thread_blocked, id=16216, stack(0x00000054f7d00000,0x00000054f7e00000)]
  0x0000021065c57220 JavaThread "Monitor Deflation Thread" daemon [_thread_blocked, id=34280, stack(0x00000054f7e00000,0x00000054f7f00000)]
  0x0000021065c5b360 JavaThread "C2 CompilerThread0" daemon [_thread_blocked, id=19204, stack(0x00000054f7f00000,0x00000054f8000000)]
  0x0000021065c5bcb0 JavaThread "C1 CompilerThread0" daemon [_thread_in_vm, id=9004, stack(0x00000054f8000000,0x00000054f8100000)]
  0x0000021065c92010 JavaThread "Sweeper thread" daemon [_thread_blocked, id=31936, stack(0x00000054f8100000,0x00000054f8200000)]
  0x0000021065e1d730 JavaThread "Notification Thread" daemon [_thread_blocked, id=34384, stack(0x00000054f8200000,0x00000054f8300000)]
  0x0000021065e34020 JavaThread "Common-Cleaner" daemon [_thread_blocked, id=33852, stack(0x00000054f8400000,0x00000054f8500000)]
  0x000002106621b070 JavaThread "Java2D Disposer" daemon [_thread_blocked, id=32920, stack(0x00000054f8500000,0x00000054f8600000)]
  0x000002106621d9a0 JavaThread "AWT-Shutdown" [_thread_blocked, id=12124, stack(0x00000054f8600000,0x00000054f8700000)]
  0x000002106621dec0 JavaThread "AWT-Windows" daemon [_thread_in_native, id=10452, stack(0x00000054f8700000,0x00000054f8800000)]
  0x00000210665be700 JavaThread "Image Fetcher 0" daemon [_thread_blocked, id=28576, stack(0x00000054f8a00000,0x00000054f8b00000)]
  0x00000210665e7af0 JavaThread "AWT-EventQueue-0" [_thread_blocked, id=18980, stack(0x00000054f8b00000,0x00000054f8c00000)]

Other Threads:
  0x000002106512ec90 VMThread "VM Thread" [stack: 0x00000054f7800000,0x00000054f7900000] [id=5752]
  0x0000021065e1e060 WatcherThread [stack: 0x00000054f8300000,0x00000054f8400000] [id=32684]
  0x000002104628c650 GCTaskThread "GC Thread#0" [stack: 0x00000054f7300000,0x00000054f7400000] [id=20556]
  0x000002104629dd30 ConcurrentGCThread "G1 Main Marker" [stack: 0x00000054f7400000,0x00000054f7500000] [id=21036]
  0x00000210462a06c0 ConcurrentGCThread "G1 Conc#0" [stack: 0x00000054f7500000,0x00000054f7600000] [id=14668]
  0x0000021064f960e0 ConcurrentGCThread "G1 Refine#0" [stack: 0x00000054f7600000,0x00000054f7700000] [id=20008]
  0x0000021064f96a60 ConcurrentGCThread "G1 Service" [stack: 0x00000054f7700000,0x00000054f7800000] [id=32872]

Threads with active compile tasks:
C1 CompilerThread0      519  772       3       sun.awt.FontConfiguration::needToSearchForFile (128 bytes)

VM state: not at safepoint (normal execution)

VM Mutex/Monitor currently owned by a thread:  ([mutex/lock_event])
[0x00000210462362c0] MetaspaceExpand_lock - owner thread: 0x000002104623a5b0
[0x00000210462380e0] MethodData_lock - owner thread: 0x0000021065c5bcb0

Heap address: 0x0000000701000000, size: 4080 MB, Compressed Oops mode: Zero based, Oop shift amount: 3

CDS disabled.
Compressed class space mapped at: 0x0000000800000000-0x0000000840000000, reserved size: 1073741824
Narrow klass base: 0x0000000800000000, Narrow klass shift: 0, Narrow klass range: 0x40000000

GC Precious Log:
 CPUs: 12 total, 12 available
 Memory: 16317M
 Large Page Support: Disabled
 NUMA Support: Disabled
 Compressed Oops: Enabled (Zero based)
 Heap Region Size: 2M
 Heap Min Capacity: 8M
 Heap Initial Capacity: 256M
 Heap Max Capacity: 4080M
 Pre-touch: Disabled
 Parallel Workers: 10
 Concurrent Workers: 3
 Concurrent Refinement Workers: 10
 Periodic GC: Disabled

Heap:
 garbage-first heap   total 262144K, used 8192K [0x0000000701000000, 0x0000000800000000)
  region size 2048K, 6 young (12288K), 0 survivors (0K)
 Metaspace       used 15066K, committed 15232K, reserved 1064960K
  class space    used 1526K, committed 1600K, reserved 1048576K

Heap Regions: E=young(eden), S=young(survivor), O=old, HS=humongous(starts), HC=humongous(continues), CS=collection set, F=free, OA=open archive, CA=closed archive, TAMS=top-at-mark-start (previous, next)
|   0|0x0000000701000000, 0x0000000701000000, 0x0000000701200000|  0%| F|  |TAMS 0x0000000701000000, 0x0000000701000000| Untracked 
|   1|0x0000000701200000, 0x0000000701200000, 0x0000000701400000|  0%| F|  |TAMS 0x0000000701200000, 0x0000000701200000| Untracked 
|   2|0x0000000701400000, 0x0000000701400000, 0x0000000701600000|  0%| F|  |TAMS 0x0000000701400000, 0x0000000701400000| Untracked 
|   3|0x0000000701600000, 0x0000000701600000, 0x0000000701800000|  0%| F|  |TAMS 0x0000000701600000, 0x0000000701600000| Untracked 
|   4|0x0000000701800000, 0x0000000701800000, 0x0000000701a00000|  0%| F|  |TAMS 0x0000000701800000, 0x0000000701800000| Untracked 
|   5|0x0000000701a00000, 0x0000000701a00000, 0x0000000701c00000|  0%| F|  |TAMS 0x0000000701a00000, 0x0000000701a00000| Untracked 
|   6|0x0000000701c00000, 0x0000000701c00000, 0x0000000701e00000|  0%| F|  |TAMS 0x0000000701c00000, 0x0000000701c00000| Untracked 
|   7|0x0000000701e00000, 0x0000000701e00000, 0x0000000702000000|  0%| F|  |TAMS 0x0000000701e00000, 0x0000000701e00000| Untracked 
|   8|0x0000000702000000, 0x0000000702000000, 0x0000000702200000|  0%| F|  |TAMS 0x0000000702000000, 0x0000000702000000| Untracked 
|   9|0x0000000702200000, 0x0000000702200000, 0x0000000702400000|  0%| F|  |TAMS 0x0000000702200000, 0x0000000702200000| Untracked 
|  10|0x0000000702400000, 0x0000000702400000, 0x0000000702600000|  0%| F|  |TAMS 0x0000000702400000, 0x0000000702400000| Untracked 
|  11|0x0000000702600000, 0x0000000702600000, 0x0000000702800000|  0%| F|  |TAMS 0x0000000702600000, 0x0000000702600000| Untracked 
|  12|0x0000000702800000, 0x0000000702800000, 0x0000000702a00000|  0%| F|  |TAMS 0x0000000702800000, 0x0000000702800000| Untracked 
|  13|0x0000000702a00000, 0x0000000702a00000, 0x0000000702c00000|  0%| F|  |TAMS 0x0000000702a00000, 0x0000000702a00000| Untracked 
|  14|0x0000000702c00000, 0x0000000702c00000, 0x0000000702e00000|  0%| F|  |TAMS 0x0000000702c00000, 0x0000000702c00000| Untracked 
|  15|0x0000000702e00000, 0x0000000702e00000, 0x0000000703000000|  0%| F|  |TAMS 0x0000000702e00000, 0x0000000702e00000| Untracked 
|  16|0x0000000703000000, 0x0000000703000000, 0x0000000703200000|  0%| F|  |TAMS 0x0000000703000000, 0x0000000703000000| Untracked 
|  17|0x0000000703200000, 0x0000000703200000, 0x0000000703400000|  0%| F|  |TAMS 0x0000000703200000, 0x0000000703200000| Untracked 
|  18|0x0000000703400000, 0x0000000703400000, 0x0000000703600000|  0%| F|  |TAMS 0x0000000703400000, 0x0000000703400000| Untracked 
|  19|0x0000000703600000, 0x0000000703600000, 0x0000000703800000|  0%| F|  |TAMS 0x0000000703600000, 0x0000000703600000| Untracked 
|  20|0x0000000703800000, 0x0000000703800000, 0x0000000703a00000|  0%| F|  |TAMS 0x0000000703800000, 0x0000000703800000| Untracked 
|  21|0x0000000703a00000, 0x0000000703a00000, 0x0000000703c00000|  0%| F|  |TAMS 0x0000000703a00000, 0x0000000703a00000| Untracked 
|  22|0x0000000703c00000, 0x0000000703c00000, 0x0000000703e00000|  0%| F|  |TAMS 0x0000000703c00000, 0x0000000703c00000| Untracked 
|  23|0x0000000703e00000, 0x0000000703e00000, 0x0000000704000000|  0%| F|  |TAMS 0x0000000703e00000, 0x0000000703e00000| Untracked 
|  24|0x0000000704000000, 0x0000000704000000, 0x0000000704200000|  0%| F|  |TAMS 0x0000000704000000, 0x0000000704000000| Untracked 
|  25|0x0000000704200000, 0x0000000704200000, 0x0000000704400000|  0%| F|  |TAMS 0x0000000704200000, 0x0000000704200000| Untracked 
|  26|0x0000000704400000, 0x0000000704400000, 0x0000000704600000|  0%| F|  |TAMS 0x0000000704400000, 0x0000000704400000| Untracked 
|  27|0x0000000704600000, 0x0000000704600000, 0x0000000704800000|  0%| F|  |TAMS 0x0000000704600000, 0x0000000704600000| Untracked 
|  28|0x0000000704800000, 0x0000000704800000, 0x0000000704a00000|  0%| F|  |TAMS 0x0000000704800000, 0x0000000704800000| Untracked 
|  29|0x0000000704a00000, 0x0000000704a00000, 0x0000000704c00000|  0%| F|  |TAMS 0x0000000704a00000, 0x0000000704a00000| Untracked 
|  30|0x0000000704c00000, 0x0000000704c00000, 0x0000000704e00000|  0%| F|  |TAMS 0x0000000704c00000, 0x0000000704c00000| Untracked 
|  31|0x0000000704e00000, 0x0000000704e00000, 0x0000000705000000|  0%| F|  |TAMS 0x0000000704e00000, 0x0000000704e00000| Untracked 
|  32|0x0000000705000000, 0x0000000705000000, 0x0000000705200000|  0%| F|  |TAMS 0x0000000705000000, 0x0000000705000000| Untracked 
|  33|0x0000000705200000, 0x0000000705200000, 0x0000000705400000|  0%| F|  |TAMS 0x0000000705200000, 0x0000000705200000| Untracked 
|  34|0x0000000705400000, 0x0000000705400000, 0x0000000705600000|  0%| F|  |TAMS 0x0000000705400000, 0x0000000705400000| Untracked 
|  35|0x0000000705600000, 0x0000000705600000, 0x0000000705800000|  0%| F|  |TAMS 0x0000000705600000, 0x0000000705600000| Untracked 
|  36|0x0000000705800000, 0x0000000705800000, 0x0000000705a00000|  0%| F|  |TAMS 0x0000000705800000, 0x0000000705800000| Untracked 
|  37|0x0000000705a00000, 0x0000000705a00000, 0x0000000705c00000|  0%| F|  |TAMS 0x0000000705a00000, 0x0000000705a00000| Untracked 
|  38|0x0000000705c00000, 0x0000000705c00000, 0x0000000705e00000|  0%| F|  |TAMS 0x0000000705c00000, 0x0000000705c00000| Untracked 
|  39|0x0000000705e00000, 0x0000000705e00000, 0x0000000706000000|  0%| F|  |TAMS 0x0000000705e00000, 0x0000000705e00000| Untracked 
|  40|0x0000000706000000, 0x0000000706000000, 0x0000000706200000|  0%| F|  |TAMS 0x0000000706000000, 0x0000000706000000| Untracked 
|  41|0x0000000706200000, 0x0000000706200000, 0x0000000706400000|  0%| F|  |TAMS 0x0000000706200000, 0x0000000706200000| Untracked 
|  42|0x0000000706400000, 0x0000000706400000, 0x0000000706600000|  0%| F|  |TAMS 0x0000000706400000, 0x0000000706400000| Untracked 
|  43|0x0000000706600000, 0x0000000706600000, 0x0000000706800000|  0%| F|  |TAMS 0x0000000706600000, 0x0000000706600000| Untracked 
|  44|0x0000000706800000, 0x0000000706800000, 0x0000000706a00000|  0%| F|  |TAMS 0x0000000706800000, 0x0000000706800000| Untracked 
|  45|0x0000000706a00000, 0x0000000706a00000, 0x0000000706c00000|  0%| F|  |TAMS 0x0000000706a00000, 0x0000000706a00000| Untracked 
|  46|0x0000000706c00000, 0x0000000706c00000, 0x0000000706e00000|  0%| F|  |TAMS 0x0000000706c00000, 0x0000000706c00000| Untracked 
|  47|0x0000000706e00000, 0x0000000706e00000, 0x0000000707000000|  0%| F|  |TAMS 0x0000000706e00000, 0x0000000706e00000| Untracked 
|  48|0x0000000707000000, 0x0000000707000000, 0x0000000707200000|  0%| F|  |TAMS 0x0000000707000000, 0x0000000707000000| Untracked 
|  49|0x0000000707200000, 0x0000000707200000, 0x0000000707400000|  0%| F|  |TAMS 0x0000000707200000, 0x0000000707200000| Untracked 
|  50|0x0000000707400000, 0x0000000707400000, 0x0000000707600000|  0%| F|  |TAMS 0x0000000707400000, 0x0000000707400000| Untracked 
|  51|0x0000000707600000, 0x0000000707600000, 0x0000000707800000|  0%| F|  |TAMS 0x0000000707600000, 0x0000000707600000| Untracked 
|  52|0x0000000707800000, 0x0000000707800000, 0x0000000707a00000|  0%| F|  |TAMS 0x0000000707800000, 0x0000000707800000| Untracked 
|  53|0x0000000707a00000, 0x0000000707a00000, 0x0000000707c00000|  0%| F|  |TAMS 0x0000000707a00000, 0x0000000707a00000| Untracked 
|  54|0x0000000707c00000, 0x0000000707c00000, 0x0000000707e00000|  0%| F|  |TAMS 0x0000000707c00000, 0x0000000707c00000| Untracked 
|  55|0x0000000707e00000, 0x0000000707e00000, 0x0000000708000000|  0%| F|  |TAMS 0x0000000707e00000, 0x0000000707e00000| Untracked 
|  56|0x0000000708000000, 0x0000000708000000, 0x0000000708200000|  0%| F|  |TAMS 0x0000000708000000, 0x0000000708000000| Untracked 
|  57|0x0000000708200000, 0x0000000708200000, 0x0000000708400000|  0%| F|  |TAMS 0x0000000708200000, 0x0000000708200000| Untracked 
|  58|0x0000000708400000, 0x0000000708400000, 0x0000000708600000|  0%| F|  |TAMS 0x0000000708400000, 0x0000000708400000| Untracked 
|  59|0x0000000708600000, 0x0000000708600000, 0x0000000708800000|  0%| F|  |TAMS 0x0000000708600000, 0x0000000708600000| Untracked 
|  60|0x0000000708800000, 0x0000000708800000, 0x0000000708a00000|  0%| F|  |TAMS 0x0000000708800000, 0x0000000708800000| Untracked 
|  61|0x0000000708a00000, 0x0000000708a00000, 0x0000000708c00000|  0%| F|  |TAMS 0x0000000708a00000, 0x0000000708a00000| Untracked 
|  62|0x0000000708c00000, 0x0000000708c00000, 0x0000000708e00000|  0%| F|  |TAMS 0x0000000708c00000, 0x0000000708c00000| Untracked 
|  63|0x0000000708e00000, 0x0000000708e00000, 0x0000000709000000|  0%| F|  |TAMS 0x0000000708e00000, 0x0000000708e00000| Untracked 
|  64|0x0000000709000000, 0x0000000709000000, 0x0000000709200000|  0%| F|  |TAMS 0x0000000709000000, 0x0000000709000000| Untracked 
|  65|0x0000000709200000, 0x0000000709200000, 0x0000000709400000|  0%| F|  |TAMS 0x0000000709200000, 0x0000000709200000| Untracked 
|  66|0x0000000709400000, 0x0000000709400000, 0x0000000709600000|  0%| F|  |TAMS 0x0000000709400000, 0x0000000709400000| Untracked 
|  67|0x0000000709600000, 0x0000000709600000, 0x0000000709800000|  0%| F|  |TAMS 0x0000000709600000, 0x0000000709600000| Untracked 
|  68|0x0000000709800000, 0x0000000709800000, 0x0000000709a00000|  0%| F|  |TAMS 0x0000000709800000, 0x0000000709800000| Untracked 
|  69|0x0000000709a00000, 0x0000000709a00000, 0x0000000709c00000|  0%| F|  |TAMS 0x0000000709a00000, 0x0000000709a00000| Untracked 
|  70|0x0000000709c00000, 0x0000000709c00000, 0x0000000709e00000|  0%| F|  |TAMS 0x0000000709c00000, 0x0000000709c00000| Untracked 
|  71|0x0000000709e00000, 0x0000000709e00000, 0x000000070a000000|  0%| F|  |TAMS 0x0000000709e00000, 0x0000000709e00000| Untracked 
|  72|0x000000070a000000, 0x000000070a000000, 0x000000070a200000|  0%| F|  |TAMS 0x000000070a000000, 0x000000070a000000| Untracked 
|  73|0x000000070a200000, 0x000000070a200000, 0x000000070a400000|  0%| F|  |TAMS 0x000000070a200000, 0x000000070a200000| Untracked 
|  74|0x000000070a400000, 0x000000070a400000, 0x000000070a600000|  0%| F|  |TAMS 0x000000070a400000, 0x000000070a400000| Untracked 
|  75|0x000000070a600000, 0x000000070a600000, 0x000000070a800000|  0%| F|  |TAMS 0x000000070a600000, 0x000000070a600000| Untracked 
|  76|0x000000070a800000, 0x000000070a800000, 0x000000070aa00000|  0%| F|  |TAMS 0x000000070a800000, 0x000000070a800000| Untracked 
|  77|0x000000070aa00000, 0x000000070aa00000, 0x000000070ac00000|  0%| F|  |TAMS 0x000000070aa00000, 0x000000070aa00000| Untracked 
|  78|0x000000070ac00000, 0x000000070ac00000, 0x000000070ae00000|  0%| F|  |TAMS 0x000000070ac00000, 0x000000070ac00000| Untracked 
|  79|0x000000070ae00000, 0x000000070ae00000, 0x000000070b000000|  0%| F|  |TAMS 0x000000070ae00000, 0x000000070ae00000| Untracked 
|  80|0x000000070b000000, 0x000000070b000000, 0x000000070b200000|  0%| F|  |TAMS 0x000000070b000000, 0x000000070b000000| Untracked 
|  81|0x000000070b200000, 0x000000070b200000, 0x000000070b400000|  0%| F|  |TAMS 0x000000070b200000, 0x000000070b200000| Untracked 
|  82|0x000000070b400000, 0x000000070b400000, 0x000000070b600000|  0%| F|  |TAMS 0x000000070b400000, 0x000000070b400000| Untracked 
|  83|0x000000070b600000, 0x000000070b600000, 0x000000070b800000|  0%| F|  |TAMS 0x000000070b600000, 0x000000070b600000| Untracked 
|  84|0x000000070b800000, 0x000000070b800000, 0x000000070ba00000|  0%| F|  |TAMS 0x000000070b800000, 0x000000070b800000| Untracked 
|  85|0x000000070ba00000, 0x000000070ba00000, 0x000000070bc00000|  0%| F|  |TAMS 0x000000070ba00000, 0x000000070ba00000| Untracked 
|  86|0x000000070bc00000, 0x000000070bc00000, 0x000000070be00000|  0%| F|  |TAMS 0x000000070bc00000, 0x000000070bc00000| Untracked 
|  87|0x000000070be00000, 0x000000070be00000, 0x000000070c000000|  0%| F|  |TAMS 0x000000070be00000, 0x000000070be00000| Untracked 
|  88|0x000000070c000000, 0x000000070c000000, 0x000000070c200000|  0%| F|  |TAMS 0x000000070c000000, 0x000000070c000000| Untracked 
|  89|0x000000070c200000, 0x000000070c200000, 0x000000070c400000|  0%| F|  |TAMS 0x000000070c200000, 0x000000070c200000| Untracked 
|  90|0x000000070c400000, 0x000000070c400000, 0x000000070c600000|  0%| F|  |TAMS 0x000000070c400000, 0x000000070c400000| Untracked 
|  91|0x000000070c600000, 0x000000070c600000, 0x000000070c800000|  0%| F|  |TAMS 0x000000070c600000, 0x000000070c600000| Untracked 
|  92|0x000000070c800000, 0x000000070c800000, 0x000000070ca00000|  0%| F|  |TAMS 0x000000070c800000, 0x000000070c800000| Untracked 
|  93|0x000000070ca00000, 0x000000070ca00000, 0x000000070cc00000|  0%| F|  |TAMS 0x000000070ca00000, 0x000000070ca00000| Untracked 
|  94|0x000000070cc00000, 0x000000070cc00000, 0x000000070ce00000|  0%| F|  |TAMS 0x000000070cc00000, 0x000000070cc00000| Untracked 
|  95|0x000000070ce00000, 0x000000070ce00000, 0x000000070d000000|  0%| F|  |TAMS 0x000000070ce00000, 0x000000070ce00000| Untracked 
|  96|0x000000070d000000, 0x000000070d000000, 0x000000070d200000|  0%| F|  |TAMS 0x000000070d000000, 0x000000070d000000| Untracked 
|  97|0x000000070d200000, 0x000000070d200000, 0x000000070d400000|  0%| F|  |TAMS 0x000000070d200000, 0x000000070d200000| Untracked 
|  98|0x000000070d400000, 0x000000070d400000, 0x000000070d600000|  0%| F|  |TAMS 0x000000070d400000, 0x000000070d400000| Untracked 
|  99|0x000000070d600000, 0x000000070d600000, 0x000000070d800000|  0%| F|  |TAMS 0x000000070d600000, 0x000000070d600000| Untracked 
| 100|0x000000070d800000, 0x000000070d800000, 0x000000070da00000|  0%| F|  |TAMS 0x000000070d800000, 0x000000070d800000| Untracked 
| 101|0x000000070da00000, 0x000000070da00000, 0x000000070dc00000|  0%| F|  |TAMS 0x000000070da00000, 0x000000070da00000| Untracked 
| 102|0x000000070dc00000, 0x000000070dc00000, 0x000000070de00000|  0%| F|  |TAMS 0x000000070dc00000, 0x000000070dc00000| Untracked 
| 103|0x000000070de00000, 0x000000070de00000, 0x000000070e000000|  0%| F|  |TAMS 0x000000070de00000, 0x000000070de00000| Untracked 
| 104|0x000000070e000000, 0x000000070e000000, 0x000000070e200000|  0%| F|  |TAMS 0x000000070e000000, 0x000000070e000000| Untracked 
| 105|0x000000070e200000, 0x000000070e200000, 0x000000070e400000|  0%| F|  |TAMS 0x000000070e200000, 0x000000070e200000| Untracked 
| 106|0x000000070e400000, 0x000000070e400000, 0x000000070e600000|  0%| F|  |TAMS 0x000000070e400000, 0x000000070e400000| Untracked 
| 107|0x000000070e600000, 0x000000070e600000, 0x000000070e800000|  0%| F|  |TAMS 0x000000070e600000, 0x000000070e600000| Untracked 
| 108|0x000000070e800000, 0x000000070e800000, 0x000000070ea00000|  0%| F|  |TAMS 0x000000070e800000, 0x000000070e800000| Untracked 
| 109|0x000000070ea00000, 0x000000070ea00000, 0x000000070ec00000|  0%| F|  |TAMS 0x000000070ea00000, 0x000000070ea00000| Untracked 
| 110|0x000000070ec00000, 0x000000070ec00000, 0x000000070ee00000|  0%| F|  |TAMS 0x000000070ec00000, 0x000000070ec00000| Untracked 
| 111|0x000000070ee00000, 0x000000070ee00000, 0x000000070f000000|  0%| F|  |TAMS 0x000000070ee00000, 0x000000070ee00000| Untracked 
| 112|0x000000070f000000, 0x000000070f000000, 0x000000070f200000|  0%| F|  |TAMS 0x000000070f000000, 0x000000070f000000| Untracked 
| 113|0x000000070f200000, 0x000000070f200000, 0x000000070f400000|  0%| F|  |TAMS 0x000000070f200000, 0x000000070f200000| Untracked 
| 114|0x000000070f400000, 0x000000070f400000, 0x000000070f600000|  0%| F|  |TAMS 0x000000070f400000, 0x000000070f400000| Untracked 
| 115|0x000000070f600000, 0x000000070f600000, 0x000000070f800000|  0%| F|  |TAMS 0x000000070f600000, 0x000000070f600000| Untracked 
| 116|0x000000070f800000, 0x000000070f800000, 0x000000070fa00000|  0%| F|  |TAMS 0x000000070f800000, 0x000000070f800000| Untracked 
| 117|0x000000070fa00000, 0x000000070fa00000, 0x000000070fc00000|  0%| F|  |TAMS 0x000000070fa00000, 0x000000070fa00000| Untracked 
| 118|0x000000070fc00000, 0x000000070fc00000, 0x000000070fe00000|  0%| F|  |TAMS 0x000000070fc00000, 0x000000070fc00000| Untracked 
| 119|0x000000070fe00000, 0x000000070fe00000, 0x0000000710000000|  0%| F|  |TAMS 0x000000070fe00000, 0x000000070fe00000| Untracked 
| 120|0x0000000710000000, 0x0000000710000000, 0x0000000710200000|  0%| F|  |TAMS 0x0000000710000000, 0x0000000710000000| Untracked 
| 121|0x0000000710200000, 0x0000000710200000, 0x0000000710400000|  0%| F|  |TAMS 0x0000000710200000, 0x0000000710200000| Untracked 
| 122|0x0000000710400000, 0x0000000710552708, 0x0000000710600000| 66%| E|  |TAMS 0x0000000710400000, 0x0000000710400000| Complete 
| 123|0x0000000710600000, 0x0000000710800000, 0x0000000710800000|100%| E|CS|TAMS 0x0000000710600000, 0x0000000710600000| Complete 
| 124|0x0000000710800000, 0x0000000710a00000, 0x0000000710a00000|100%| E|CS|TAMS 0x0000000710800000, 0x0000000710800000| Complete 
| 125|0x0000000710a00000, 0x0000000710c00000, 0x0000000710c00000|100%| E|CS|TAMS 0x0000000710a00000, 0x0000000710a00000| Complete 
| 126|0x0000000710c00000, 0x0000000710e00000, 0x0000000710e00000|100%| E|  |TAMS 0x0000000710c00000, 0x0000000710c00000| Complete 
| 127|0x0000000710e00000, 0x0000000711000000, 0x0000000711000000|100%| E|CS|TAMS 0x0000000710e00000, 0x0000000710e00000| Complete 

Card table byte_map: [0x0000021059500000,0x0000021059d00000] _byte_map_base: 0x0000021055cf8000

Marking Bits (Prev, Next): (CMBitMap*) 0x000002104628cc40, (CMBitMap*) 0x000002104628cc80
 Prev Bits: [0x000002105a500000, 0x000002105e4c0000)
 Next Bits: [0x000002105e4c0000, 0x0000021062480000)

Polling page: 0x0000021044190000

Metaspace:

Usage:
  Non-class:     13.22 MB used.
      Class:      1.49 MB used.
       Both:     14.71 MB used.

Virtual space:
  Non-class space:       16.00 MB reserved,      13.31 MB ( 83%) committed,  2 nodes.
      Class space:        1.00 GB reserved,       1.56 MB ( <1%) committed,  1 nodes.
              Both:        1.02 GB reserved,      14.88 MB (  1%) committed. 

Chunk freelists:
   Non-Class:  2.49 MB
       Class:  2.25 MB
        Both:  4.74 MB

MaxMetaspaceSize: 17179869184.00 GB
CompressedClassSpaceSize: 1.00 GB
 - commit_granule_bytes: 65536.
 - commit_granule_words: 8192.
 - virtual_space_node_default_size: 1048576.
 - enlarge_chunks_in_place: 1.
 - new_chunks_are_fully_committed: 0.
 - uncommit_free_chunks: 1.
 - use_allocation_guard: 0.
 - handle_deallocations: 1.


Internal statistics:

num_allocs_failed_limit: 0.
num_arena_births: 104.
num_arena_deaths: 0.
num_vsnodes_births: 3.
num_vsnodes_deaths: 0.
num_space_committed: 238.
num_space_uncommitted: 0.
num_chunks_returned_to_freelist: 0.
num_chunks_taken_from_freelist: 170.
num_chunk_merges: 0.
num_chunk_splits: 86.
num_chunks_enlarged: 43.
num_purges: 0.

CodeHeap 'non-profiled nmethods': size=120000Kb used=227Kb max_used=227Kb free=119772Kb
 bounds [0x0000021051280000, 0x00000210514f0000, 0x00000210587b0000]
CodeHeap 'profiled nmethods': size=120000Kb used=1173Kb max_used=1173Kb free=118826Kb
 bounds [0x0000021049d50000, 0x0000021049fc0000, 0x0000021051280000]
CodeHeap 'non-nmethods': size=5760Kb used=1264Kb max_used=1277Kb free=4496Kb
 bounds [0x00000210497b0000, 0x0000021049a20000, 0x0000021049d50000]
 total_blobs=1355 nmethods=775 adapters=493
 compilation: enabled
              stopped_count=0, restarted_count=0
 full_count=0

Compilation events (20 events):
Event: 0.493 Thread 0x0000021065c5bcb0 nmethod 766 0x0000021049e73610 code [0x0000021049e73800, 0x0000021049e73ce8]
Event: 0.494 Thread 0x0000021065c5bcb0  767       3       sun.awt.FontConfiguration::getComponentFileID (6 bytes)
Event: 0.494 Thread 0x0000021065c5bcb0 nmethod 767 0x0000021049e73f10 code [0x0000021049e740a0, 0x0000021049e741d8]
Event: 0.494 Thread 0x0000021065c5bcb0  768       3       sun.awt.FontConfiguration::getComponentFontName (15 bytes)
Event: 0.494 Thread 0x0000021065c5b360  775       4       java.lang.CharacterDataLatin1::toLowerCase (39 bytes)
Event: 0.494 Thread 0x0000021065c5bcb0 nmethod 768 0x0000021049e74290 code [0x0000021049e74440, 0x0000021049e74608]
Event: 0.494 Thread 0x0000021065c5bcb0  769       3       sun.awt.FontConfiguration::getComponentFileName (15 bytes)
Event: 0.494 Thread 0x0000021065c5bcb0 nmethod 769 0x0000021049e74710 code [0x0000021049e748c0, 0x0000021049e74a88]
Event: 0.494 Thread 0x0000021065c5bcb0  770       3       sun.awt.FontConfiguration::mapFileName (2 bytes)
Event: 0.494 Thread 0x0000021065c5bcb0 nmethod 770 0x0000021049e74b90 code [0x0000021049e74d20, 0x0000021049e74e38]
Event: 0.494 Thread 0x0000021065c5bcb0  771       3       sun.awt.windows.WFontConfiguration::getFaceNameFromComponentFontName (2 bytes)
Event: 0.494 Thread 0x0000021065c5bcb0 nmethod 771 0x0000021049e74f10 code [0x0000021049e750a0, 0x0000021049e751b8]
Event: 0.494 Thread 0x0000021065c5bcb0  776       3       java.util.HashSet::contains (9 bytes)
Event: 0.494 Thread 0x0000021065c5bcb0 nmethod 776 0x0000021049e75290 code [0x0000021049e75440, 0x0000021049e75628]
Event: 0.494 Thread 0x0000021065c5bcb0  773  s    1       sun.font.SunFontManager::getDefaultFontFile (5 bytes)
Event: 0.494 Thread 0x0000021065c5b360 nmethod 775 0x00000210512b8490 code [0x00000210512b8620, 0x00000210512b8718]
Event: 0.494 Thread 0x0000021065c5bcb0 nmethod 773 0x00000210512b8810 code [0x00000210512b89a0, 0x00000210512b8b18]
Event: 0.494 Thread 0x0000021065c5bcb0  774  s    1       sun.font.SunFontManager::getDefaultFontFaceName (5 bytes)
Event: 0.495 Thread 0x0000021065c5bcb0 nmethod 774 0x00000210512b8b90 code [0x00000210512b8d20, 0x00000210512b8e98]
Event: 0.495 Thread 0x0000021065c5bcb0  772       3       sun.awt.FontConfiguration::needToSearchForFile (128 bytes)

GC Heap History (0 events):
No events

Deoptimization events (20 events):
Event: 0.133 Thread 0x000002104623a5b0 DEOPT PACKING pc=0x0000021049d6ff94 sp=0x00000054f72fc9e0
Event: 0.133 Thread 0x000002104623a5b0 DEOPT UNPACKING pc=0x00000210497fdece sp=0x00000054f72fbe90 mode 0
Event: 0.170 Thread 0x000002104623a5b0 Uncommon trap: trap_request=0xffffff45 fr.pc=0x0000021051286228 relative=0x0000000000000088
Event: 0.170 Thread 0x000002104623a5b0 Uncommon trap: reason=unstable_if action=reinterpret pc=0x0000021051286228 method=java.lang.String.charAt(I)C @ 4 c2
Event: 0.170 Thread 0x000002104623a5b0 DEOPT PACKING pc=0x0000021051286228 sp=0x00000054f72fce20
Event: 0.170 Thread 0x000002104623a5b0 DEOPT UNPACKING pc=0x00000210497fd72e sp=0x00000054f72fcdc0 mode 2
Event: 0.349 Thread 0x000002104623a5b0 Uncommon trap: trap_request=0xffffff45 fr.pc=0x000002105128d3c4 relative=0x0000000000000224
Event: 0.349 Thread 0x000002104623a5b0 Uncommon trap: reason=unstable_if action=reinterpret pc=0x000002105128d3c4 method=java.lang.String.hashCode()I @ 20 c2
Event: 0.349 Thread 0x000002104623a5b0 DEOPT PACKING pc=0x000002105128d3c4 sp=0x00000054f72fd6f0
Event: 0.349 Thread 0x000002104623a5b0 DEOPT UNPACKING pc=0x00000210497fd72e sp=0x00000054f72fd680 mode 2
Event: 0.378 Thread 0x000002104623a5b0 DEOPT PACKING pc=0x0000021049d67367 sp=0x00000054f72fd9e0
Event: 0.378 Thread 0x000002104623a5b0 DEOPT UNPACKING pc=0x00000210497fdece sp=0x00000054f72fce00 mode 0
Event: 0.402 Thread 0x000002104623a5b0 Uncommon trap: trap_request=0xffffff45 fr.pc=0x000002105128ddb0 relative=0x0000000000000190
Event: 0.402 Thread 0x000002104623a5b0 Uncommon trap: reason=unstable_if action=reinterpret pc=0x000002105128ddb0 method=java.lang.String.equals(Ljava/lang/Object;)Z @ 33 c2
Event: 0.402 Thread 0x000002104623a5b0 DEOPT PACKING pc=0x000002105128ddb0 sp=0x00000054f72ff160
Event: 0.402 Thread 0x000002104623a5b0 DEOPT UNPACKING pc=0x00000210497fd72e sp=0x00000054f72ff100 mode 2
Event: 0.458 Thread 0x00000210665be700 Uncommon trap: trap_request=0xffffff45 fr.pc=0x00000210512b29a0 relative=0x0000000000000380
Event: 0.458 Thread 0x00000210665be700 Uncommon trap: reason=unstable_if action=reinterpret pc=0x00000210512b29a0 method=java.lang.StringLatin1.newString([BII)Ljava/lang/String; @ 1 c2
Event: 0.458 Thread 0x00000210665be700 DEOPT PACKING pc=0x00000210512b29a0 sp=0x00000054f8afe7b0
Event: 0.458 Thread 0x00000210665be700 DEOPT UNPACKING pc=0x00000210497fd72e sp=0x00000054f8afe790 mode 2

Classes unloaded (0 events):
No events

Classes redefined (0 events):
No events

Internal exceptions (15 events):
Event: 0.096 Thread 0x000002104623a5b0 Exception <a 'java/lang/NoSuchMethodError'{0x0000000710f48060}: 'void java.lang.invoke.DirectMethodHandle$Holder.invokeSpecial(java.lang.Object, java.lang.Object, java.lang.Object)'> (0x0000000710f48060) 
thrown [t:\workspace\open\src\hotspot\share\interpreter\linkResolver.cpp, line 790]
Event: 0.151 Thread 0x000002104623a5b0 Exception <a 'java/lang/ClassNotFoundException'{0x0000000710b30c68}: sun/awt/resources/spi/awtProvider> (0x0000000710b30c68) 
thrown [t:\workspace\open\src\hotspot\share\classfile\systemDictionary.cpp, line 256]
Event: 0.170 Thread 0x000002104623a5b0 Exception <a 'java/io/FileNotFoundException'{0x0000000710b8bed0}> (0x0000000710b8bed0) 
thrown [t:\workspace\open\src\hotspot\share\prims\jni.cpp, line 579]
Event: 0.175 Thread 0x000002104623a5b0 Exception <a 'java/io/FileNotFoundException'{0x0000000710bace88}> (0x0000000710bace88) 
thrown [t:\workspace\open\src\hotspot\share\prims\jni.cpp, line 579]
Event: 0.175 Thread 0x000002104623a5b0 Exception <a 'java/lang/NoSuchMethodError'{0x0000000710bae4e0}: 'java.lang.Object java.lang.invoke.DirectMethodHandle$Holder.invokeStatic(java.lang.Object)'> (0x0000000710bae4e0) 
thrown [t:\workspace\open\src\hotspot\share\interpreter\linkResolver.cpp, line 790]
Event: 0.208 Thread 0x000002104623a5b0 Exception <a 'java/lang/NoSuchMethodError'{0x000000071080c848}: 'java.lang.Object java.lang.invoke.DirectMethodHandle$Holder.invokeStaticInit(java.lang.Object)'> (0x000000071080c848) 
thrown [t:\workspace\open\src\hotspot\share\interpreter\linkResolver.cpp, line 790]
Event: 0.360 Thread 0x000002104623a5b0 Exception <a 'java/lang/NoSuchMethodError'{0x00000007108ef190}: 'java.lang.Object java.lang.invoke.DirectMethodHandle$Holder.newInvokeSpecial(java.lang.Object, java.lang.Object, java.lang.Object, java.lang.Object, java.lang.Object)'> (0x00000007108ef190) 
thrown [t:\workspace\open\src\hotspot\share\interpreter\linkResolver.cpp, line 790]
Event: 0.361 Thread 0x000002104623a5b0 Exception <a 'java/lang/NoSuchMethodError'{0x00000007108fac78}: 'java.lang.Object java.lang.invoke.DirectMethodHandle$Holder.invokeStatic(java.lang.Object, int, java.lang.Object, java.lang.Object, java.lang.Object, java.lang.Object)'> (0x00000007108fac78) 
thrown [t:\workspace\open\src\hotspot\share\interpreter\linkResolver.cpp, line 790]
Event: 0.364 Thread 0x000002104623a5b0 Exception <a 'java/lang/NoSuchMethodError'{0x0000000710920d40}: 'java.lang.Object java.lang.invoke.DirectMethodHandle$Holder.invokeStatic(java.lang.Object, int, java.lang.Object)'> (0x0000000710920d40) 
thrown [t:\workspace\open\src\hotspot\share\interpreter\linkResolver.cpp, line 790]
Event: 0.382 Thread 0x000002104623a5b0 Exception <a 'java/lang/ClassNotFoundException'{0x00000007109d9300}: com/sun/swing/internal/plaf/metal/resources/spi/metalProvider> (0x00000007109d9300) 
thrown [t:\workspace\open\src\hotspot\share\classfile\systemDictionary.cpp, line 256]
Event: 0.383 Thread 0x000002104623a5b0 Exception <a 'java/lang/ClassNotFoundException'{0x00000007109dd368}: com/sun/swing/internal/plaf/basic/resources/spi/basicProvider> (0x00000007109dd368) 
thrown [t:\workspace\open\src\hotspot\share\classfile\systemDictionary.cpp, line 256]
Event: 0.392 Thread 0x00000210665be700 Exception <a 'java/io/FileNotFoundException'{0x00000007106003c0}> (0x00000007106003c0) 
thrown [t:\workspace\open\src\hotspot\share\prims\jni.cpp, line 579]
Event: 0.392 Thread 0x00000210665be700 Exception <a 'java/lang/NoSuchMethodError'{0x00000007106096b0}: 'java.lang.Object java.lang.invoke.DirectMethodHandle$Holder.newInvokeSpecial(java.lang.Object, java.lang.Object, java.lang.Object, int, int, int, int, int)'> (0x00000007106096b0) 
thrown [t:\workspace\open\src\hotspot\share\interpreter\linkResolver.cpp, line 790]
Event: 0.403 Thread 0x000002104623a5b0 Exception <a 'java/lang/NoSuchMethodError'{0x00000007106819b0}: 'void java.lang.invoke.DirectMethodHandle$Holder.invokeStaticInit(java.lang.Object)'> (0x00000007106819b0) 
thrown [t:\workspace\open\src\hotspot\share\interpreter\linkResolver.cpp, line 790]
Event: 0.487 Thread 0x000002104623a5b0 Exception <a 'java/io/FileNotFoundException'{0x00000007104e6128}> (0x00000007104e6128) 
thrown [t:\workspace\open\src\hotspot\share\prims\jni.cpp, line 579]

Events (20 events):
Event: 0.489 loading class sun/awt/FontDescriptor
Event: 0.489 loading class sun/awt/FontDescriptor done
Event: 0.490 loading class java/lang/Short$ShortCache
Event: 0.490 loading class java/lang/Short$ShortCache done
Event: 0.490 loading class sun/font/SunFontManager$FontRegistrationInfo
Event: 0.490 loading class sun/font/SunFontManager$FontRegistrationInfo done
Event: 0.492 loading class sun/font/CompositeFontDescriptor
Event: 0.492 loading class sun/font/CompositeFontDescriptor done
Event: 0.493 loading class sun/font/FontFamily
Event: 0.493 loading class sun/font/FontFamily done
Event: 0.494 loading class sun/font/SunFontManager$3
Event: 0.494 loading class sun/font/SunFontManager$3 done
Event: 0.494 loading class java/lang/ProcessEnvironment
Event: 0.494 loading class java/lang/ProcessEnvironment done
Event: 0.494 Executing  VM operation: HandshakeAllThreads
Event: 0.494 Executing  VM operation: HandshakeAllThreads done
Event: 0.494 loading class java/lang/ProcessEnvironment$NameComparator
Event: 0.494 loading class java/lang/ProcessEnvironment$NameComparator done
Event: 0.494 loading class java/lang/ProcessEnvironment$EntryComparator
Event: 0.494 loading class java/lang/ProcessEnvironment$EntryComparator done


Dynamic libraries:
0x00007ff687780000 - 0x00007ff68778e000 	D:\eclipse\plugins\org.eclipse.justj.openjdk.hotspot.jre.full.win32.x86_64_16.0.1.v20210528-1205\jre\bin\javaw.exe
0x00007ffb329d0000 - 0x00007ffb32bc8000 	C:\Windows\SYSTEM32\ntdll.dll
0x00007ffb317e0000 - 0x00007ffb3189f000 	C:\Windows\System32\KERNEL32.DLL
0x00007ffb30730000 - 0x00007ffb30a02000 	C:\Windows\System32\KERNELBASE.dll
0x00007ffb300c0000 - 0x00007ffb301c0000 	C:\Windows\System32\ucrtbase.dll
0x00007ffb21220000 - 0x00007ffb21239000 	D:\eclipse\plugins\org.eclipse.justj.openjdk.hotspot.jre.full.win32.x86_64_16.0.1.v20210528-1205\jre\bin\VCRUNTIME140.dll
0x00007ffb21660000 - 0x00007ffb21678000 	D:\eclipse\plugins\org.eclipse.justj.openjdk.hotspot.jre.full.win32.x86_64_16.0.1.v20210528-1205\jre\bin\jli.dll
0x00007ffb327e0000 - 0x00007ffb32981000 	C:\Windows\System32\USER32.dll
0x00007ffb30400000 - 0x00007ffb30422000 	C:\Windows\System32\win32u.dll
0x00007ffb0e220000 - 0x00007ffb0e4ba000 	C:\Windows\WinSxS\amd64_microsoft.windows.common-controls_6595b64144ccf1df_6.0.19041.1110_none_60b5254171f9507e\COMCTL32.dll
0x00007ffb322b0000 - 0x00007ffb322db000 	C:\Windows\System32\GDI32.dll
0x00007ffb30ba0000 - 0x00007ffb30c3e000 	C:\Windows\System32\msvcrt.dll
0x00007ffb30260000 - 0x00007ffb3036f000 	C:\Windows\System32\gdi32full.dll
0x00007ffb301c0000 - 0x00007ffb3025d000 	C:\Windows\System32\msvcp_win.dll
0x00007ffb31a70000 - 0x00007ffb31aa2000 	C:\Windows\System32\IMM32.DLL
0x00007ffb216f0000 - 0x00007ffb216fc000 	D:\eclipse\plugins\org.eclipse.justj.openjdk.hotspot.jre.full.win32.x86_64_16.0.1.v20210528-1205\jre\bin\vcruntime140_1.dll
0x00007ffb1f420000 - 0x00007ffb1f4b1000 	D:\eclipse\plugins\org.eclipse.justj.openjdk.hotspot.jre.full.win32.x86_64_16.0.1.v20210528-1205\jre\bin\msvcp140.dll
0x00007ffaede30000 - 0x00007ffaee9db000 	D:\eclipse\plugins\org.eclipse.justj.openjdk.hotspot.jre.full.win32.x86_64_16.0.1.v20210528-1205\jre\bin\server\jvm.dll
0x00007ffb30a10000 - 0x00007ffb30abe000 	C:\Windows\System32\ADVAPI32.dll
0x00007ffb318a0000 - 0x00007ffb3193c000 	C:\Windows\System32\sechost.dll
0x00007ffb31c90000 - 0x00007ffb31db5000 	C:\Windows\System32\RPCRT4.dll
0x00007ffb319f0000 - 0x00007ffb319f8000 	C:\Windows\System32\PSAPI.DLL
0x00007ffb1e680000 - 0x00007ffb1e689000 	C:\Windows\SYSTEM32\WSOCK32.dll
0x00007ffb2b500000 - 0x00007ffb2b50a000 	C:\Windows\SYSTEM32\VERSION.dll
0x00007ffb1ff10000 - 0x00007ffb1ff37000 	C:\Windows\SYSTEM32\WINMM.dll
0x00007ffb31770000 - 0x00007ffb317db000 	C:\Windows\System32\WS2_32.dll
0x00007ffb2dfa0000 - 0x00007ffb2dfb2000 	C:\Windows\SYSTEM32\kernel.appcore.dll
0x00007ffaf0e00000 - 0x00007ffaf0e0a000 	D:\eclipse\plugins\org.eclipse.justj.openjdk.hotspot.jre.full.win32.x86_64_16.0.1.v20210528-1205\jre\bin\jimage.dll
0x00007ffb29940000 - 0x00007ffb29b24000 	C:\Windows\SYSTEM32\DBGHELP.DLL
0x00007ffb292b0000 - 0x00007ffb292e5000 	C:\Windows\SYSTEM32\dbgcore.DLL
0x00007ffb30370000 - 0x00007ffb303f2000 	C:\Windows\System32\bcryptPrimitives.dll
0x00007ffaef5f0000 - 0x00007ffaef615000 	D:\eclipse\plugins\org.eclipse.justj.openjdk.hotspot.jre.full.win32.x86_64_16.0.1.v20210528-1205\jre\bin\java.dll
0x00007ffaf0790000 - 0x00007ffaf07a8000 	D:\eclipse\plugins\org.eclipse.justj.openjdk.hotspot.jre.full.win32.x86_64_16.0.1.v20210528-1205\jre\bin\zip.dll
0x00007ffb30fa0000 - 0x00007ffb316e4000 	C:\Windows\System32\SHELL32.dll
0x00007ffb2e1a0000 - 0x00007ffb2e932000 	C:\Windows\SYSTEM32\windows.storage.dll
0x00007ffb30c40000 - 0x00007ffb30f95000 	C:\Windows\System32\combase.dll
0x00007ffb2fa40000 - 0x00007ffb2fa70000 	C:\Windows\SYSTEM32\Wldp.dll
0x00007ffb31be0000 - 0x00007ffb31c8d000 	C:\Windows\System32\SHCORE.dll
0x00007ffb31a00000 - 0x00007ffb31a55000 	C:\Windows\System32\shlwapi.dll
0x00007ffb30000000 - 0x00007ffb3001f000 	C:\Windows\SYSTEM32\profapi.dll
0x00007ffaef470000 - 0x00007ffaef489000 	D:\eclipse\plugins\org.eclipse.justj.openjdk.hotspot.jre.full.win32.x86_64_16.0.1.v20210528-1205\jre\bin\net.dll
0x00007ffb2b800000 - 0x00007ffb2b90c000 	C:\Windows\SYSTEM32\WINHTTP.dll
0x00007ffb2f7a0000 - 0x00007ffb2f80a000 	C:\Windows\system32\mswsock.dll
0x00007ffaef450000 - 0x00007ffaef463000 	D:\eclipse\plugins\org.eclipse.justj.openjdk.hotspot.jre.full.win32.x86_64_16.0.1.v20210528-1205\jre\bin\nio.dll
0x00007ffb1f0e0000 - 0x00007ffb1f25f000 	D:\eclipse\plugins\org.eclipse.justj.openjdk.hotspot.jre.full.win32.x86_64_16.0.1.v20210528-1205\jre\bin\awt.dll
0x00007ffb31dc0000 - 0x00007ffb31e8d000 	C:\Windows\System32\OLEAUT32.dll
0x00007ffb2d970000 - 0x00007ffb2da01000 	C:\Windows\SYSTEM32\apphelp.dll
0x00007ffb2de90000 - 0x00007ffb2debf000 	C:\Windows\system32\DWMAPI.DLL
0x00007ffb2dad0000 - 0x00007ffb2db6e000 	C:\Windows\system32\uxtheme.dll
0x00007ffb1f2f0000 - 0x00007ffb1f415000 	C:\Windows\system32\opengl32.dll
0x00007ffb211f0000 - 0x00007ffb2121c000 	C:\Windows\SYSTEM32\GLU32.dll
0x00007ffb32190000 - 0x00007ffb322a5000 	C:\Windows\System32\MSCTF.dll
0x00007ffb31e90000 - 0x00007ffb31fba000 	C:\Windows\System32\ole32.dll
0x00007ffb175f0000 - 0x00007ffb177be000 	C:\Windows\system32\d3d9.dll
0x00007ffb145b0000 - 0x00007ffb146c7000 	C:\Windows\System32\DriverStore\FileRepository\nv_dispig.inf_amd64_ee20464bb4ac57f4\nvldumdx.dll
0x00007ffb2fbd0000 - 0x00007ffb2fbe2000 	C:\Windows\SYSTEM32\msasn1.dll
0x00007ffb2ad00000 - 0x00007ffb2ad31000 	C:\Windows\SYSTEM32\cryptnet.dll
0x00007ffb30530000 - 0x00007ffb30686000 	C:\Windows\System32\CRYPT32.dll
0x00007ffb2a0d0000 - 0x00007ffb2a218000 	C:\Windows\SYSTEM32\drvstore.dll
0x00007ffb2fd90000 - 0x00007ffb2fdbc000 	C:\Windows\SYSTEM32\devobj.dll
0x00007ffb30430000 - 0x00007ffb3047e000 	C:\Windows\System32\cfgmgr32.dll
0x00007ffb2f990000 - 0x00007ffb2f99c000 	C:\Windows\SYSTEM32\cryptbase.dll
0x00007ffb306c0000 - 0x00007ffb30729000 	C:\Windows\System32\WINTRUST.DLL
0x00007ffb32170000 - 0x00007ffb3218d000 	C:\Windows\System32\imagehlp.dll
0x00007ffb2f9a0000 - 0x00007ffb2f9b8000 	C:\Windows\SYSTEM32\CRYPTSP.dll
0x00007ffb2f0c0000 - 0x00007ffb2f0f4000 	C:\Windows\system32\rsaenh.dll
0x00007ffb30690000 - 0x00007ffb306b7000 	C:\Windows\System32\bcrypt.dll
0x00007ffaec1b0000 - 0x00007ffaed9ba000 	C:\Windows\System32\DriverStore\FileRepository\nv_dispig.inf_amd64_ee20464bb4ac57f4\nvd3dumx.dll
0x00007ffb2e950000 - 0x00007ffb2e973000 	C:\Windows\SYSTEM32\gpapi.dll
0x00007ffb13e70000 - 0x00007ffb13eab000 	C:\Windows\SYSTEM32\dxcore.dll
0x00007ffb1f050000 - 0x00007ffb1f0d9000 	D:\eclipse\plugins\org.eclipse.justj.openjdk.hotspot.jre.full.win32.x86_64_16.0.1.v20210528-1205\jre\bin\freetype.dll
0x00007ffb1ef50000 - 0x00007ffb1f046000 	D:\eclipse\plugins\org.eclipse.justj.openjdk.hotspot.jre.full.win32.x86_64_16.0.1.v20210528-1205\jre\bin\harfbuzz.dll
0x00007ffb211a0000 - 0x00007ffb211b2000 	D:\eclipse\plugins\org.eclipse.justj.openjdk.hotspot.jre.full.win32.x86_64_16.0.1.v20210528-1205\jre\bin\fontmanager.dll

dbghelp: loaded successfully - version: 4.0.5 - missing functions: none
symbol engine: initialized successfully - sym options: 0x614 - pdb path: .;D:\eclipse\plugins\org.eclipse.justj.openjdk.hotspot.jre.full.win32.x86_64_16.0.1.v20210528-1205\jre\bin;C:\Windows\SYSTEM32;C:\Windows\WinSxS\amd64_microsoft.windows.common-controls_6595b64144ccf1df_6.0.19041.1110_none_60b5254171f9507e;D:\eclipse\plugins\org.eclipse.justj.openjdk.hotspot.jre.full.win32.x86_64_16.0.1.v20210528-1205\jre\bin\server;C:\Windows\System32\DriverStore\FileRepository\nv_dispig.inf_amd64_ee20464bb4ac57f4

VM Arguments:
jvm_args: -Dfile.encoding=utf-8 -XX:+ShowCodeDetailsInExceptionMessages 
java_command: lm.view.DeptProc
java_class_path (initial): C:\Users\GGG\git\ProjectLM\PrjLB\bin;C:\Users\GGG\git\ProjectLM\PrjLB\lib\activation-1.1.1.jar;C:\Users\GGG\git\ProjectLM\PrjLB\lib\commons-codec-1.13.jar;C:\Users\GGG\git\ProjectLM\PrjLB\lib\commons-collections4-4.4.jar;C:\Users\GGG\git\ProjectLM\PrjLB\lib\commons-compress-1.19.jar;C:\Users\GGG\git\ProjectLM\PrjLB\lib\commons-logging-1.2.jar;C:\Users\GGG\git\ProjectLM\PrjLB\lib\commons-math3-3.6.1.jar;C:\Users\GGG\git\ProjectLM\PrjLB\lib\jaxb-api-2.3.1.jar;C:\Users\GGG\git\ProjectLM\PrjLB\lib\jaxb-core-2.3.0.1.jar;C:\Users\GGG\git\ProjectLM\PrjLB\lib\jaxb-impl-2.3.2.jar;C:\Users\GGG\git\ProjectLM\PrjLB\lib\junit-4.12.jar;C:\Users\GGG\git\ProjectLM\PrjLB\lib\log4j-1.2.17.jar;C:\Users\GGG\git\ProjectLM\PrjLB\lib\poi-4.1.1.jar;C:\Users\GGG\git\ProjectLM\PrjLB\lib\poi-examples-4.1.1.jar;C:\Users\GGG\git\ProjectLM\PrjLB\lib\poi-excelant-4.1.1.jar;C:\Users\GGG\git\ProjectLM\PrjLB\lib\poi-ooxml-4.1.1.jar;C:\Users\GGG\git\ProjectLM\PrjLB\lib\poi-ooxml-schemas-4.1.1.jar;C:\Users\GGG\git\ProjectLM\PrjLB\lib\poi-scratchpad-4.1.1.jar;C:\Users\GGG\git\ProjectLM\PrjLB\lib\xmlbeans-3.1.0.jar;C:\Users\GGG\git\ProjectLM\PrjLB\lib\jdatepicker-1.3.2.jar;C:\Users\GGG\git\ProjectLM\PrjLB\Oraclelib\osdt_core.jar;C:\Users\GGG\git\ProjectLM\PrjLB\Oraclelib\osdt_cert.jar;C:\Users\GGG\git\ProjectLM\PrjLB\Oraclelib\oraclepki.jar;C:\Users\GGG\git\ProjectLM\PrjLB\Oraclelib\ojdbc8.jar
Launcher Type: SUN_STANDARD

[Global flags]
     intx CICompilerCount                          = 4                                         {product} {ergonomic}
     uint ConcGCThreads                            = 3                                         {product} {ergonomic}
     uint G1ConcRefinementThreads                  = 10                                        {product} {ergonomic}
   size_t G1HeapRegionSize                         = 2097152                                   {product} {ergonomic}
    uintx GCDrainStackTargetSize                   = 64                                        {product} {ergonomic}
   size_t InitialHeapSize                          = 268435456                                 {product} {ergonomic}
   size_t MarkStackSize                            = 4194304                                   {product} {ergonomic}
   size_t MaxHeapSize                              = 4278190080                                {product} {ergonomic}
   size_t MaxNewSize                               = 2566914048                                {product} {ergonomic}
   size_t MinHeapDeltaBytes                        = 2097152                                   {product} {ergonomic}
   size_t MinHeapSize                              = 8388608                                   {product} {ergonomic}
    uintx NonNMethodCodeHeapSize                   = 5839372                                {pd product} {ergonomic}
    uintx NonProfiledCodeHeapSize                  = 122909434                              {pd product} {ergonomic}
    uintx ProfiledCodeHeapSize                     = 122909434                              {pd product} {ergonomic}
    uintx ReservedCodeCacheSize                    = 251658240                              {pd product} {ergonomic}
     bool SegmentedCodeCache                       = true                                      {product} {ergonomic}
     bool ShowCodeDetailsInExceptionMessages       = true                                   {manageable} {command line}
   size_t SoftMaxHeapSize                          = 4278190080                             {manageable} {ergonomic}
     bool UseCompressedClassPointers               = true                           {product lp64_product} {ergonomic}
     bool UseCompressedOops                        = true                           {product lp64_product} {ergonomic}
     bool UseG1GC                                  = true                                      {product} {ergonomic}
     bool UseLargePagesIndividualAllocation        = false                                  {pd product} {ergonomic}

Logging:
Log output configuration:
 #0: stdout all=warning uptime,level,tags
 #1: stderr all=off uptime,level,tags

Environment Variables:
JAVA_HOME=C:\Program Files\Java\jdk-11.0.16.1
PATH=D:/eclipse//plugins/org.eclipse.justj.openjdk.hotspot.jre.full.win32.x86_64_16.0.1.v20210528-1205/jre/bin/server;D:/eclipse//plugins/org.eclipse.justj.openjdk.hotspot.jre.full.win32.x86_64_16.0.1.v20210528-1205/jre/bin;C:\oraclexe\app\oracle\product\11.2.0\server\bin;C:\Program Files\Common Files\Oracle\Java\javapath;C:\Program Files (x86)\Common Files\Intel\Shared Libraries\redist\intel64\compiler;C:\Windows\system32;C:\Windows;C:\Windows\System32\Wbem;C:\Windows\System32\WindowsPowerShell\v1.0\;C:\Windows\System32\OpenSSH\;C:\Program Files\Java\jdk-11.0.16.1\bin;C:\Program Files\Java\jdk-11.0.16.1\bin;C:\Program Files\Git\cmd;C:\Users\GGG\AppData\Local\Microsoft\WindowsApps;;D:\eclipse;
USERNAME=GGG
OS=Windows_NT
PROCESSOR_IDENTIFIER=Intel64 Family 6 Model 158 Stepping 10, GenuineIntel



---------------  S Y S T E M  ---------------

OS:
 Windows 10 , 64 bit Build 19041 (10.0.19041.2364)
OS uptime: 0 days 6:14 hours

CPU: total 12 (initial active 12) (6 cores per cpu, 2 threads per core) family 6 model 158 stepping 10 microcode 0xb4, cx8, cmov, fxsr, ht, mmx, 3dnowpref, sse, sse2, sse3, ssse3, sse4.1, sse4.2, popcnt, lzcnt, tsc, tscinvbit, avx, avx2, aes, erms, clmul, bmi1, bmi2, rtm, adx, fma, vzeroupper, clflush, clflushopt

Memory: 4k page, system-wide physical 16317M (3281M free)
TotalPageFile size 53818M (AvailPageFile size 4M)
current process WorkingSet (physical memory assigned to process): 76M, peak: 76M
current process commit charge ("private bytes"): 367M, peak: 368M

vm_info: OpenJDK 64-Bit Server VM (16.0.1+9-24) for windows-amd64 JRE (16.0.1+9-24), built on Mar 26 2021 19:30:07 by "mach5one" with MS VC++ 16.7 (VS2019)

END.
