#
# There is insufficient memory for the Java Runtime Environment to continue.
# Native memory allocation (mmap) failed to map 268435456 bytes for G1 virtual space
# Possible reasons:
#   The system is out of physical RAM or swap space
#   The process is running with CompressedOops enabled, and the Java Heap may be blocking the growth of the native heap
# Possible solutions:
#   Reduce memory load on the system
#   Increase physical memory or swap space
#   Check if swap backing store is full
#   Decrease Java heap size (-Xmx/-Xms)
#   Decrease number of Java threads
#   Decrease Java thread stack sizes (-Xss)
#   Set larger code cache with -XX:ReservedCodeCacheSize=
#   JVM is running with Zero Based Compressed Oops mode in which the Java heap is
#     placed in the first 32GB address space. The Java Heap base address is the
#     maximum limit for the native heap growth. Please use -XX:HeapBaseMinAddress
#     to set the Java Heap base and to place the Java Heap above 32GB virtual address.
# This output file may be truncated or incomplete.
#
#  Out of Memory Error (os_windows.cpp:3466), pid=35752, tid=33984
#
# JRE version:  (16.0.1+9) (build )
# Java VM: OpenJDK 64-Bit Server VM (16.0.1+9-24, mixed mode, sharing, tiered, compressed oops, compressed class ptrs, g1 gc, windows-amd64)
# No core dump will be written. Minidumps are not enabled by default on client versions of Windows
#

---------------  S U M M A R Y ------------

Command Line: -Dfile.encoding=utf-8 -XX:+ShowCodeDetailsInExceptionMessages lm.view.LMStartMain

Host: Intel(R) Core(TM) i7-8700K CPU @ 3.70GHz, 12 cores, 15G,  Windows 10 , 64 bit Build 19041 (10.0.19041.2364)
Time: Tue Feb 21 17:25:27 2023  Windows 10 , 64 bit Build 19041 (10.0.19041.2364) elapsed time: 0.014077 seconds (0d 0h 0m 0s)

---------------  T H R E A D  ---------------

Current thread (0x000001e6dddfbe40):  JavaThread "Unknown thread" [_thread_in_vm, id=33984, stack(0x000000184fc00000,0x000000184fd00000)]

Stack: [0x000000184fc00000,0x000000184fd00000]
Native frames: (J=compiled Java code, j=interpreted, Vv=VM code, C=native code)
V  [jvm.dll+0x6687ca]
V  [jvm.dll+0x7ca3c9]
V  [jvm.dll+0x7cbb53]
V  [jvm.dll+0x7cc1b3]
V  [jvm.dll+0x242ea5]
V  [jvm.dll+0x665589]
V  [jvm.dll+0x65a175]
V  [jvm.dll+0x2fc5ab]
V  [jvm.dll+0x3037a6]
V  [jvm.dll+0x352fee]
V  [jvm.dll+0x35321f]
V  [jvm.dll+0x2d3618]
V  [jvm.dll+0x2d4854]
V  [jvm.dll+0x79ccb1]
V  [jvm.dll+0x360de1]
V  [jvm.dll+0x77a990]
V  [jvm.dll+0x3e55af]
V  [jvm.dll+0x3e7081]
C  [jli.dll+0x52fb]
C  [ucrtbase.dll+0x21bb2]
C  [KERNEL32.DLL+0x17614]
C  [ntdll.dll+0x526a1]


---------------  P R O C E S S  ---------------

Threads class SMR info:
_java_thread_list=0x00007ff825f3cbb8, length=0, elements={
}

Java Threads: ( => current thread )

Other Threads:
  0x000001e6dde522e0 GCTaskThread "GC Thread#0" [stack: 0x000000184fd00000,0x000000184fe00000] [id=9108]
  0x000001e6dde63320 ConcurrentGCThread "G1 Main Marker" [stack: 0x000000184fe00000,0x000000184ff00000] [id=34132]
  0x000001e6dde66550 ConcurrentGCThread "G1 Conc#0" [stack: 0x000000184ff00000,0x0000001850000000] [id=34672]

[error occurred during error reporting (printing all threads), id 0xc0000005, EXCEPTION_ACCESS_VIOLATION (0xc0000005) at pc=0x00007ff8257144d7]

VM state: not at safepoint (not fully initialized)

VM Mutex/Monitor currently owned by a thread:  ([mutex/lock_event])
[0x000001e6dddf79c0] Heap_lock - owner thread: 0x000001e6dddfbe40

Heap address: 0x0000000701000000, size: 4080 MB, Compressed Oops mode: Zero based, Oop shift amount: 3

CDS archive(s) mapped at: [0x0000000000000000-0x0000000000000000-0x0000000000000000), size 0, SharedBaseAddress: 0x0000000800000000, ArchiveRelocationMode: 0.
Narrow klass base: 0x0000000000000000, Narrow klass shift: 0, Narrow klass range: 0x0

GC Precious Log:
<Empty>

Heap:
 garbage-first heap   total 0K, used 0K [0x0000000701000000, 0x0000000800000000)
  region size 2048K, 0 young (0K), 0 survivors (0K)

[error occurred during error reporting (printing heap information), id 0xc0000005, EXCEPTION_ACCESS_VIOLATION (0xc0000005) at pc=0x00007ff825af24ed]

GC Heap History (0 events):
No events

Deoptimization events (0 events):
No events

Classes unloaded (0 events):
No events

Classes redefined (0 events):
No events

Internal exceptions (0 events):
No events

Events (1 events):
Event: 0.011 Loaded shared library D:\eclipse\plugins\org.eclipse.justj.openjdk.hotspot.jre.full.win32.x86_64_16.0.1.v20210528-1205\jre\bin\java.dll


Dynamic libraries:
0x00007ff60ec30000 - 0x00007ff60ec3e000 	D:\eclipse\plugins\org.eclipse.justj.openjdk.hotspot.jre.full.win32.x86_64_16.0.1.v20210528-1205\jre\bin\javaw.exe
0x00007ff86aa90000 - 0x00007ff86ac88000 	C:\Windows\SYSTEM32\ntdll.dll
0x00007ff86a020000 - 0x00007ff86a0df000 	C:\Windows\System32\KERNEL32.DLL
0x00007ff868340000 - 0x00007ff868612000 	C:\Windows\System32\KERNELBASE.dll
0x00007ff868620000 - 0x00007ff868720000 	C:\Windows\System32\ucrtbase.dll
0x00007ff85a570000 - 0x00007ff85a588000 	D:\eclipse\plugins\org.eclipse.justj.openjdk.hotspot.jre.full.win32.x86_64_16.0.1.v20210528-1205\jre\bin\jli.dll
0x00007ff85a550000 - 0x00007ff85a569000 	D:\eclipse\plugins\org.eclipse.justj.openjdk.hotspot.jre.full.win32.x86_64_16.0.1.v20210528-1205\jre\bin\VCRUNTIME140.dll
0x00007ff868b70000 - 0x00007ff868d11000 	C:\Windows\System32\USER32.dll
0x00007ff8687c0000 - 0x00007ff8687e2000 	C:\Windows\System32\win32u.dll
0x00007ff869ff0000 - 0x00007ff86a01b000 	C:\Windows\System32\GDI32.dll
0x00007ff8687f0000 - 0x00007ff8688ff000 	C:\Windows\System32\gdi32full.dll
0x00007ff868720000 - 0x00007ff8687bd000 	C:\Windows\System32\msvcp_win.dll
0x00007ff846d90000 - 0x00007ff84702a000 	C:\Windows\WinSxS\amd64_microsoft.windows.common-controls_6595b64144ccf1df_6.0.19041.1110_none_60b5254171f9507e\COMCTL32.dll
0x00007ff868ad0000 - 0x00007ff868b6e000 	C:\Windows\System32\msvcrt.dll
0x00007ff869fa0000 - 0x00007ff869fd2000 	C:\Windows\System32\IMM32.DLL
0x00007ff85ae20000 - 0x00007ff85ae2c000 	D:\eclipse\plugins\org.eclipse.justj.openjdk.hotspot.jre.full.win32.x86_64_16.0.1.v20210528-1205\jre\bin\vcruntime140_1.dll
0x00007ff85a4b0000 - 0x00007ff85a541000 	D:\eclipse\plugins\org.eclipse.justj.openjdk.hotspot.jre.full.win32.x86_64_16.0.1.v20210528-1205\jre\bin\msvcp140.dll
0x00007ff825430000 - 0x00007ff825fdb000 	D:\eclipse\plugins\org.eclipse.justj.openjdk.hotspot.jre.full.win32.x86_64_16.0.1.v20210528-1205\jre\bin\server\jvm.dll
0x00007ff869470000 - 0x00007ff86951e000 	C:\Windows\System32\ADVAPI32.dll
0x00007ff869db0000 - 0x00007ff869e4c000 	C:\Windows\System32\sechost.dll
0x00007ff869c10000 - 0x00007ff869d35000 	C:\Windows\System32\RPCRT4.dll
0x00007ff86a180000 - 0x00007ff86a188000 	C:\Windows\System32\PSAPI.DLL
0x00007ff856720000 - 0x00007ff856729000 	C:\Windows\SYSTEM32\WSOCK32.dll
0x00007ff8584f0000 - 0x00007ff858517000 	C:\Windows\SYSTEM32\WINMM.dll
0x00007ff869d40000 - 0x00007ff869dab000 	C:\Windows\System32\WS2_32.dll
0x00007ff863590000 - 0x00007ff86359a000 	C:\Windows\SYSTEM32\VERSION.dll
0x00007ff866060000 - 0x00007ff866072000 	C:\Windows\SYSTEM32\kernel.appcore.dll
0x00007ff8658e0000 - 0x00007ff8658ea000 	D:\eclipse\plugins\org.eclipse.justj.openjdk.hotspot.jre.full.win32.x86_64_16.0.1.v20210528-1205\jre\bin\jimage.dll
0x00007ff861a50000 - 0x00007ff861c34000 	C:\Windows\SYSTEM32\DBGHELP.DLL
0x00007ff861960000 - 0x00007ff861995000 	C:\Windows\SYSTEM32\dbgcore.DLL
0x00007ff868180000 - 0x00007ff868202000 	C:\Windows\System32\bcryptPrimitives.dll
0x00007ff861c60000 - 0x00007ff861c85000 	D:\eclipse\plugins\org.eclipse.justj.openjdk.hotspot.jre.full.win32.x86_64_16.0.1.v20210528-1205\jre\bin\java.dll

dbghelp: loaded successfully - version: 4.0.5 - missing functions: none
symbol engine: initialized successfully - sym options: 0x614 - pdb path: .;D:\eclipse\plugins\org.eclipse.justj.openjdk.hotspot.jre.full.win32.x86_64_16.0.1.v20210528-1205\jre\bin;C:\Windows\SYSTEM32;C:\Windows\WinSxS\amd64_microsoft.windows.common-controls_6595b64144ccf1df_6.0.19041.1110_none_60b5254171f9507e;D:\eclipse\plugins\org.eclipse.justj.openjdk.hotspot.jre.full.win32.x86_64_16.0.1.v20210528-1205\jre\bin\server

VM Arguments:
jvm_args: -Dfile.encoding=utf-8 -XX:+ShowCodeDetailsInExceptionMessages 
java_command: lm.view.LMStartMain
java_class_path (initial): C:\Users\GGG\git\ProjectLM\PrjLB\bin;C:\Users\GGG\git\ProjectLM\PrjLB\lib\activation-1.1.1.jar;C:\Users\GGG\git\ProjectLM\PrjLB\lib\commons-codec-1.13.jar;C:\Users\GGG\git\ProjectLM\PrjLB\lib\commons-collections4-4.4.jar;C:\Users\GGG\git\ProjectLM\PrjLB\lib\commons-compress-1.19.jar;C:\Users\GGG\git\ProjectLM\PrjLB\lib\commons-logging-1.2.jar;C:\Users\GGG\git\ProjectLM\PrjLB\lib\commons-math3-3.6.1.jar;C:\Users\GGG\git\ProjectLM\PrjLB\lib\jaxb-api-2.3.1.jar;C:\Users\GGG\git\ProjectLM\PrjLB\lib\jaxb-core-2.3.0.1.jar;C:\Users\GGG\git\ProjectLM\PrjLB\lib\jaxb-impl-2.3.2.jar;C:\Users\GGG\git\ProjectLM\PrjLB\lib\junit-4.12.jar;C:\Users\GGG\git\ProjectLM\PrjLB\lib\log4j-1.2.17.jar;C:\Users\GGG\git\ProjectLM\PrjLB\lib\poi-4.1.1.jar;C:\Users\GGG\git\ProjectLM\PrjLB\lib\poi-examples-4.1.1.jar;C:\Users\GGG\git\ProjectLM\PrjLB\lib\poi-excelant-4.1.1.jar;C:\Users\GGG\git\ProjectLM\PrjLB\lib\poi-ooxml-4.1.1.jar;C:\Users\GGG\git\ProjectLM\PrjLB\lib\poi-ooxml-schemas-4.1.1.jar;C:\Users\GGG\git\ProjectLM\PrjLB\lib\poi-scratchpad-4.1.1.jar;C:\Users\GGG\git\ProjectLM\PrjLB\lib\xmlbeans-3.1.0.jar;C:\Users\GGG\git\ProjectLM\PrjLB\lib\jdatepicker-1.3.2.jar;C:\Users\GGG\git\ProjectLM\PrjLB\Oraclelib\osdt_core.jar;C:\Users\GGG\git\ProjectLM\PrjLB\Oraclelib\osdt_cert.jar;C:\Users\GGG\git\ProjectLM\PrjLB\Oraclelib\oraclepki.jar;C:\Users\GGG\git\ProjectLM\PrjLB\Oraclelib\ojdbc8.jar
Launcher Type: SUN_STANDARD

[Global flags]
     intx CICompilerCount                          = 4                                         {product} {ergonomic}
     uint ConcGCThreads                            = 3                                         {product} {ergonomic}
     uint G1ConcRefinementThreads                  = 10                                        {product} {ergonomic}
   size_t G1HeapRegionSize                         = 2097152                                   {product} {ergonomic}
    uintx GCDrainStackTargetSize                   = 64                                        {product} {ergonomic}
   size_t InitialHeapSize                          = 268435456                                 {product} {ergonomic}
   size_t MarkStackSize                            = 4194304                                   {product} {ergonomic}
   size_t MaxHeapSize                              = 4278190080                                {product} {ergonomic}
   size_t MinHeapDeltaBytes                        = 2097152                                   {product} {ergonomic}
   size_t MinHeapSize                              = 8388608                                   {product} {ergonomic}
    uintx NonNMethodCodeHeapSize                   = 5839372                                {pd product} {ergonomic}
    uintx NonProfiledCodeHeapSize                  = 122909434                              {pd product} {ergonomic}
    uintx ProfiledCodeHeapSize                     = 122909434                              {pd product} {ergonomic}
    uintx ReservedCodeCacheSize                    = 251658240                              {pd product} {ergonomic}
     bool SegmentedCodeCache                       = true                                      {product} {ergonomic}
     bool ShowCodeDetailsInExceptionMessages       = true                                   {manageable} {command line}
   size_t SoftMaxHeapSize                          = 4278190080                             {manageable} {ergonomic}
     bool UseCompressedClassPointers               = true                           {product lp64_product} {ergonomic}
     bool UseCompressedOops                        = true                           {product lp64_product} {ergonomic}
     bool UseG1GC                                  = true                                      {product} {ergonomic}
     bool UseLargePagesIndividualAllocation        = false                                  {pd product} {ergonomic}

Logging:
Log output configuration:
 #0: stdout all=warning uptime,level,tags
 #1: stderr all=off uptime,level,tags

Environment Variables:
JAVA_HOME=C:\Program Files\Java\jdk-11.0.16.1
PATH=D:/eclipse//plugins/org.eclipse.justj.openjdk.hotspot.jre.full.win32.x86_64_16.0.1.v20210528-1205/jre/bin/server;D:/eclipse//plugins/org.eclipse.justj.openjdk.hotspot.jre.full.win32.x86_64_16.0.1.v20210528-1205/jre/bin;C:\oraclexe\app\oracle\product\11.2.0\server\bin;C:\Program Files\Common Files\Oracle\Java\javapath;C:\Program Files (x86)\Common Files\Intel\Shared Libraries\redist\intel64\compiler;C:\Windows\system32;C:\Windows;C:\Windows\System32\Wbem;C:\Windows\System32\WindowsPowerShell\v1.0\;C:\Windows\System32\OpenSSH\;C:\Program Files\Java\jdk-11.0.16.1\bin;C:\Program Files\Java\jdk-11.0.16.1\bin;C:\Program Files\Git\cmd;C:\Users\GGG\AppData\Local\Microsoft\WindowsApps;;D:\eclipse;
USERNAME=GGG
OS=Windows_NT
PROCESSOR_IDENTIFIER=Intel64 Family 6 Model 158 Stepping 10, GenuineIntel



---------------  S Y S T E M  ---------------

OS:
 Windows 10 , 64 bit Build 19041 (10.0.19041.2364)
OS uptime: 0 days 8:40 hours

CPU: total 12 (initial active 12) (6 cores per cpu, 2 threads per core) family 6 model 158 stepping 10 microcode 0xb4, cx8, cmov, fxsr, ht, mmx, 3dnowpref, sse, sse2, sse3, ssse3, sse4.1, sse4.2, popcnt, lzcnt, tsc, tscinvbit, avx, avx2, aes, erms, clmul, bmi1, bmi2, rtm, adx, fma, vzeroupper, clflush, clflushopt

Memory: 4k page, system-wide physical 16317M (6328M free)
TotalPageFile size 53818M (AvailPageFile size 95M)
current process WorkingSet (physical memory assigned to process): 10M, peak: 10M
current process commit charge ("private bytes"): 64M, peak: 320M

vm_info: OpenJDK 64-Bit Server VM (16.0.1+9-24) for windows-amd64 JRE (16.0.1+9-24), built on Mar 26 2021 19:30:07 by "mach5one" with MS VC++ 16.7 (VS2019)

END.
