#
# There is insufficient memory for the Java Runtime Environment to continue.
# Native memory allocation (mmap) failed to map 65536 bytes for Failed to commit metaspace.
# Possible reasons:
#   The system is out of physical RAM or swap space
#   The process is running with CompressedOops enabled, and the Java Heap may be blocking the growth of the native heap
# Possible solutions:
#   Reduce memory load on the system
#   Increase physical memory or swap space
#   Check if swap backing store is full
#   Decrease Java heap size (-Xmx/-Xms)
#   Decrease number of Java threads
#   Decrease Java thread stack sizes (-Xss)
#   Set larger code cache with -XX:ReservedCodeCacheSize=
#   JVM is running with Zero Based Compressed Oops mode in which the Java heap is
#     placed in the first 32GB address space. The Java Heap base address is the
#     maximum limit for the native heap growth. Please use -XX:HeapBaseMinAddress
#     to set the Java Heap base and to place the Java Heap above 32GB virtual address.
# This output file may be truncated or incomplete.
#
#  Out of Memory Error (virtualSpaceNode.cpp:108), pid=34584, tid=20600
#
# JRE version: OpenJDK Runtime Environment (16.0.1+9) (build 16.0.1+9-24)
# Java VM: OpenJDK 64-Bit Server VM (16.0.1+9-24, mixed mode, tiered, compressed oops, compressed class ptrs, g1 gc, windows-amd64)
# No core dump will be written. Minidumps are not enabled by default on client versions of Windows
#

---------------  S U M M A R Y ------------

Command Line: -Dfile.encoding=utf-8 -XX:+ShowCodeDetailsInExceptionMessages lm.view.DeptProc

Host: Intel(R) Core(TM) i7-8700K CPU @ 3.70GHz, 12 cores, 15G,  Windows 10 , 64 bit Build 19041 (10.0.19041.2364)
Time: Mon Feb 27 18:59:43 2023  Windows 10 , 64 bit Build 19041 (10.0.19041.2364) elapsed time: 0.381492 seconds (0d 0h 0m 0s)

---------------  T H R E A D  ---------------

Current thread (0x0000026b3bdbdee0):  JavaThread "main" [_thread_in_vm, id=20600, stack(0x000000ea57200000,0x000000ea57300000)]

Stack: [0x000000ea57200000,0x000000ea57300000]
Native frames: (J=compiled Java code, j=interpreted, Vv=VM code, C=native code)
V  [jvm.dll+0x6687ca]
V  [jvm.dll+0x7ca3c9]
V  [jvm.dll+0x7cbb53]
V  [jvm.dll+0x7cc1b3]
V  [jvm.dll+0x242ea5]
V  [jvm.dll+0x7c6a4b]
V  [jvm.dll+0x60e436]
V  [jvm.dll+0x60e49a]
V  [jvm.dll+0x610aca]
V  [jvm.dll+0x60ed31]
V  [jvm.dll+0x238690]
V  [jvm.dll+0x1ea53f]
V  [jvm.dll+0x1df8a1]
V  [jvm.dll+0x536728]
V  [jvm.dll+0x1f0fa2]
V  [jvm.dll+0x741e03]
V  [jvm.dll+0x7436a8]
V  [jvm.dll+0x7439d3]
V  [jvm.dll+0x23ad74]
V  [jvm.dll+0x23b012]
V  [jvm.dll+0x552398]
V  [jvm.dll+0x5551e0]
V  [jvm.dll+0x379fde]
V  [jvm.dll+0x37961f]
C  0x0000026b4138b12c

Java frames: (J=compiled Java code, j=interpreted, Vv=VM code)
j  sun.awt.image.InputStreamImageSource.startProduction()V+8 java.desktop@16.0.1
j  sun.awt.image.InputStreamImageSource.addConsumer(Ljava/awt/image/ImageConsumer;Z)V+176 java.desktop@16.0.1
j  sun.awt.image.InputStreamImageSource.startProduction(Ljava/awt/image/ImageConsumer;)V+3 java.desktop@16.0.1
j  sun.awt.image.ImageRepresentation.startProduction()V+20 java.desktop@16.0.1
j  sun.awt.image.ImageRepresentation.prepare(Ljava/awt/image/ImageObserver;)Z+77 java.desktop@16.0.1
j  sun.awt.SunToolkit.prepareImage(Ljava/awt/Image;IILjava/awt/image/ImageObserver;)Z+67 java.desktop@16.0.1
j  java.awt.Component.prepareImage(Ljava/awt/Image;IILjava/awt/image/ImageObserver;)Z+9 java.desktop@16.0.1
j  java.awt.ImageMediaEntry.startLoad()V+20 java.desktop@16.0.1
j  java.awt.MediaEntry.getStatus(ZZ)I+28 java.desktop@16.0.1
j  java.awt.ImageMediaEntry.getStatus(ZZ)I+76 java.desktop@16.0.1
j  java.awt.MediaTracker.statusID(IZZ)I+29 java.desktop@16.0.1
j  java.awt.MediaTracker.waitForID(IJ)Z+16 java.desktop@16.0.1
j  javax.swing.ImageIcon.loadImage(Ljava/awt/Image;)V+26 java.desktop@16.0.1
j  javax.swing.ImageIcon.<init>(Ljava/lang/String;Ljava/lang/String;)V+63 java.desktop@16.0.1
j  javax.swing.ImageIcon.<init>(Ljava/lang/String;)V+3 java.desktop@16.0.1
j  lm.view.DeptProc.init()V+13
j  lm.view.DeptProc.<init>()V+27
j  lm.view.DeptProc.main([Ljava/lang/String;)V+3
v  ~StubRoutines::call_stub

---------------  P R O C E S S  ---------------

Threads class SMR info:
_java_thread_list=0x0000026b5ddee1d0, length=15, elements={
0x0000026b3bdbdee0, 0x0000026b5d8116c0, 0x0000026b5d812590, 0x0000026b5d869120,
0x0000026b5d891f00, 0x0000026b5d892420, 0x0000026b5d892f40, 0x0000026b5d89ec10,
0x0000026b5d8a0240, 0x0000026b5d8ab7e0, 0x0000026b5da1b580, 0x0000026b5da27040,
0x0000026b5ddf1b00, 0x0000026b5dbf9220, 0x0000026b5dbfe900
}

Java Threads: ( => current thread )
=>0x0000026b3bdbdee0 JavaThread "main" [_thread_in_vm, id=20600, stack(0x000000ea57200000,0x000000ea57300000)]
  0x0000026b5d8116c0 JavaThread "Reference Handler" daemon [_thread_blocked, id=34372, stack(0x000000ea57900000,0x000000ea57a00000)]
  0x0000026b5d812590 JavaThread "Finalizer" daemon [_thread_blocked, id=32548, stack(0x000000ea57a00000,0x000000ea57b00000)]
  0x0000026b5d869120 JavaThread "Signal Dispatcher" daemon [_thread_blocked, id=30900, stack(0x000000ea57b00000,0x000000ea57c00000)]
  0x0000026b5d891f00 JavaThread "Attach Listener" daemon [_thread_blocked, id=23944, stack(0x000000ea57c00000,0x000000ea57d00000)]
  0x0000026b5d892420 JavaThread "Service Thread" daemon [_thread_blocked, id=24656, stack(0x000000ea57d00000,0x000000ea57e00000)]
  0x0000026b5d892f40 JavaThread "Monitor Deflation Thread" daemon [_thread_blocked, id=31428, stack(0x000000ea57e00000,0x000000ea57f00000)]
  0x0000026b5d89ec10 JavaThread "C2 CompilerThread0" daemon [_thread_blocked, id=31084, stack(0x000000ea57f00000,0x000000ea58000000)]
  0x0000026b5d8a0240 JavaThread "C1 CompilerThread0" daemon [_thread_blocked, id=20356, stack(0x000000ea58000000,0x000000ea58100000)]
  0x0000026b5d8ab7e0 JavaThread "Sweeper thread" daemon [_thread_blocked, id=29020, stack(0x000000ea58100000,0x000000ea58200000)]
  0x0000026b5da1b580 JavaThread "Notification Thread" daemon [_thread_blocked, id=34248, stack(0x000000ea58200000,0x000000ea58300000)]
  0x0000026b5da27040 JavaThread "Common-Cleaner" daemon [_thread_blocked, id=21836, stack(0x000000ea58400000,0x000000ea58500000)]
  0x0000026b5ddf1b00 JavaThread "Java2D Disposer" daemon [_thread_blocked, id=1460, stack(0x000000ea58500000,0x000000ea58600000)]
  0x0000026b5dbf9220 JavaThread "AWT-Shutdown" [_thread_blocked, id=33112, stack(0x000000ea58600000,0x000000ea58700000)]
  0x0000026b5dbfe900 JavaThread "AWT-Windows" daemon [_thread_in_native, id=25116, stack(0x000000ea58700000,0x000000ea58800000)]

Other Threads:
  0x0000026b5d80e250 VMThread "VM Thread" [stack: 0x000000ea57800000,0x000000ea57900000] [id=32220]
  0x0000026b5da1dec0 WatcherThread [stack: 0x000000ea58300000,0x000000ea58400000] [id=28440]
  0x0000026b3de4eb00 GCTaskThread "GC Thread#0" [stack: 0x000000ea57300000,0x000000ea57400000] [id=30508]
  0x0000026b3de602e0 ConcurrentGCThread "G1 Main Marker" [stack: 0x000000ea57400000,0x000000ea57500000] [id=2480]
  0x0000026b3de61d60 ConcurrentGCThread "G1 Conc#0" [stack: 0x000000ea57500000,0x000000ea57600000] [id=3388]
  0x0000026b3dedd7b0 ConcurrentGCThread "G1 Refine#0" [stack: 0x000000ea57600000,0x000000ea57700000] [id=15656]
  0x0000026b3dede230 ConcurrentGCThread "G1 Service" [stack: 0x000000ea57700000,0x000000ea57800000] [id=26128]

Threads with active compile tasks:

VM state: not at safepoint (normal execution)

VM Mutex/Monitor currently owned by a thread:  ([mutex/lock_event])
[0x0000026b3bdbb590] MetaspaceExpand_lock - owner thread: 0x0000026b3bdbdee0

Heap address: 0x0000000701000000, size: 4080 MB, Compressed Oops mode: Zero based, Oop shift amount: 3

CDS disabled.
Compressed class space mapped at: 0x0000000800000000-0x0000000840000000, reserved size: 1073741824
Narrow klass base: 0x0000000800000000, Narrow klass shift: 0, Narrow klass range: 0x40000000

GC Precious Log:
 CPUs: 12 total, 12 available
 Memory: 16317M
 Large Page Support: Disabled
 NUMA Support: Disabled
 Compressed Oops: Enabled (Zero based)
 Heap Region Size: 2M
 Heap Min Capacity: 8M
 Heap Initial Capacity: 256M
 Heap Max Capacity: 4080M
 Pre-touch: Disabled
 Parallel Workers: 10
 Concurrent Workers: 3
 Concurrent Refinement Workers: 10
 Periodic GC: Disabled

Heap:
 garbage-first heap   total 262144K, used 4096K [0x0000000701000000, 0x0000000800000000)
  region size 2048K, 4 young (8192K), 0 survivors (0K)
 Metaspace       used 10899K, committed 11008K, reserved 1064960K
  class space    used 1039K, committed 1088K, reserved 1048576K

Heap Regions: E=young(eden), S=young(survivor), O=old, HS=humongous(starts), HC=humongous(continues), CS=collection set, F=free, OA=open archive, CA=closed archive, TAMS=top-at-mark-start (previous, next)
|   0|0x0000000701000000, 0x0000000701000000, 0x0000000701200000|  0%| F|  |TAMS 0x0000000701000000, 0x0000000701000000| Untracked 
|   1|0x0000000701200000, 0x0000000701200000, 0x0000000701400000|  0%| F|  |TAMS 0x0000000701200000, 0x0000000701200000| Untracked 
|   2|0x0000000701400000, 0x0000000701400000, 0x0000000701600000|  0%| F|  |TAMS 0x0000000701400000, 0x0000000701400000| Untracked 
|   3|0x0000000701600000, 0x0000000701600000, 0x0000000701800000|  0%| F|  |TAMS 0x0000000701600000, 0x0000000701600000| Untracked 
|   4|0x0000000701800000, 0x0000000701800000, 0x0000000701a00000|  0%| F|  |TAMS 0x0000000701800000, 0x0000000701800000| Untracked 
|   5|0x0000000701a00000, 0x0000000701a00000, 0x0000000701c00000|  0%| F|  |TAMS 0x0000000701a00000, 0x0000000701a00000| Untracked 
|   6|0x0000000701c00000, 0x0000000701c00000, 0x0000000701e00000|  0%| F|  |TAMS 0x0000000701c00000, 0x0000000701c00000| Untracked 
|   7|0x0000000701e00000, 0x0000000701e00000, 0x0000000702000000|  0%| F|  |TAMS 0x0000000701e00000, 0x0000000701e00000| Untracked 
|   8|0x0000000702000000, 0x0000000702000000, 0x0000000702200000|  0%| F|  |TAMS 0x0000000702000000, 0x0000000702000000| Untracked 
|   9|0x0000000702200000, 0x0000000702200000, 0x0000000702400000|  0%| F|  |TAMS 0x0000000702200000, 0x0000000702200000| Untracked 
|  10|0x0000000702400000, 0x0000000702400000, 0x0000000702600000|  0%| F|  |TAMS 0x0000000702400000, 0x0000000702400000| Untracked 
|  11|0x0000000702600000, 0x0000000702600000, 0x0000000702800000|  0%| F|  |TAMS 0x0000000702600000, 0x0000000702600000| Untracked 
|  12|0x0000000702800000, 0x0000000702800000, 0x0000000702a00000|  0%| F|  |TAMS 0x0000000702800000, 0x0000000702800000| Untracked 
|  13|0x0000000702a00000, 0x0000000702a00000, 0x0000000702c00000|  0%| F|  |TAMS 0x0000000702a00000, 0x0000000702a00000| Untracked 
|  14|0x0000000702c00000, 0x0000000702c00000, 0x0000000702e00000|  0%| F|  |TAMS 0x0000000702c00000, 0x0000000702c00000| Untracked 
|  15|0x0000000702e00000, 0x0000000702e00000, 0x0000000703000000|  0%| F|  |TAMS 0x0000000702e00000, 0x0000000702e00000| Untracked 
|  16|0x0000000703000000, 0x0000000703000000, 0x0000000703200000|  0%| F|  |TAMS 0x0000000703000000, 0x0000000703000000| Untracked 
|  17|0x0000000703200000, 0x0000000703200000, 0x0000000703400000|  0%| F|  |TAMS 0x0000000703200000, 0x0000000703200000| Untracked 
|  18|0x0000000703400000, 0x0000000703400000, 0x0000000703600000|  0%| F|  |TAMS 0x0000000703400000, 0x0000000703400000| Untracked 
|  19|0x0000000703600000, 0x0000000703600000, 0x0000000703800000|  0%| F|  |TAMS 0x0000000703600000, 0x0000000703600000| Untracked 
|  20|0x0000000703800000, 0x0000000703800000, 0x0000000703a00000|  0%| F|  |TAMS 0x0000000703800000, 0x0000000703800000| Untracked 
|  21|0x0000000703a00000, 0x0000000703a00000, 0x0000000703c00000|  0%| F|  |TAMS 0x0000000703a00000, 0x0000000703a00000| Untracked 
|  22|0x0000000703c00000, 0x0000000703c00000, 0x0000000703e00000|  0%| F|  |TAMS 0x0000000703c00000, 0x0000000703c00000| Untracked 
|  23|0x0000000703e00000, 0x0000000703e00000, 0x0000000704000000|  0%| F|  |TAMS 0x0000000703e00000, 0x0000000703e00000| Untracked 
|  24|0x0000000704000000, 0x0000000704000000, 0x0000000704200000|  0%| F|  |TAMS 0x0000000704000000, 0x0000000704000000| Untracked 
|  25|0x0000000704200000, 0x0000000704200000, 0x0000000704400000|  0%| F|  |TAMS 0x0000000704200000, 0x0000000704200000| Untracked 
|  26|0x0000000704400000, 0x0000000704400000, 0x0000000704600000|  0%| F|  |TAMS 0x0000000704400000, 0x0000000704400000| Untracked 
|  27|0x0000000704600000, 0x0000000704600000, 0x0000000704800000|  0%| F|  |TAMS 0x0000000704600000, 0x0000000704600000| Untracked 
|  28|0x0000000704800000, 0x0000000704800000, 0x0000000704a00000|  0%| F|  |TAMS 0x0000000704800000, 0x0000000704800000| Untracked 
|  29|0x0000000704a00000, 0x0000000704a00000, 0x0000000704c00000|  0%| F|  |TAMS 0x0000000704a00000, 0x0000000704a00000| Untracked 
|  30|0x0000000704c00000, 0x0000000704c00000, 0x0000000704e00000|  0%| F|  |TAMS 0x0000000704c00000, 0x0000000704c00000| Untracked 
|  31|0x0000000704e00000, 0x0000000704e00000, 0x0000000705000000|  0%| F|  |TAMS 0x0000000704e00000, 0x0000000704e00000| Untracked 
|  32|0x0000000705000000, 0x0000000705000000, 0x0000000705200000|  0%| F|  |TAMS 0x0000000705000000, 0x0000000705000000| Untracked 
|  33|0x0000000705200000, 0x0000000705200000, 0x0000000705400000|  0%| F|  |TAMS 0x0000000705200000, 0x0000000705200000| Untracked 
|  34|0x0000000705400000, 0x0000000705400000, 0x0000000705600000|  0%| F|  |TAMS 0x0000000705400000, 0x0000000705400000| Untracked 
|  35|0x0000000705600000, 0x0000000705600000, 0x0000000705800000|  0%| F|  |TAMS 0x0000000705600000, 0x0000000705600000| Untracked 
|  36|0x0000000705800000, 0x0000000705800000, 0x0000000705a00000|  0%| F|  |TAMS 0x0000000705800000, 0x0000000705800000| Untracked 
|  37|0x0000000705a00000, 0x0000000705a00000, 0x0000000705c00000|  0%| F|  |TAMS 0x0000000705a00000, 0x0000000705a00000| Untracked 
|  38|0x0000000705c00000, 0x0000000705c00000, 0x0000000705e00000|  0%| F|  |TAMS 0x0000000705c00000, 0x0000000705c00000| Untracked 
|  39|0x0000000705e00000, 0x0000000705e00000, 0x0000000706000000|  0%| F|  |TAMS 0x0000000705e00000, 0x0000000705e00000| Untracked 
|  40|0x0000000706000000, 0x0000000706000000, 0x0000000706200000|  0%| F|  |TAMS 0x0000000706000000, 0x0000000706000000| Untracked 
|  41|0x0000000706200000, 0x0000000706200000, 0x0000000706400000|  0%| F|  |TAMS 0x0000000706200000, 0x0000000706200000| Untracked 
|  42|0x0000000706400000, 0x0000000706400000, 0x0000000706600000|  0%| F|  |TAMS 0x0000000706400000, 0x0000000706400000| Untracked 
|  43|0x0000000706600000, 0x0000000706600000, 0x0000000706800000|  0%| F|  |TAMS 0x0000000706600000, 0x0000000706600000| Untracked 
|  44|0x0000000706800000, 0x0000000706800000, 0x0000000706a00000|  0%| F|  |TAMS 0x0000000706800000, 0x0000000706800000| Untracked 
|  45|0x0000000706a00000, 0x0000000706a00000, 0x0000000706c00000|  0%| F|  |TAMS 0x0000000706a00000, 0x0000000706a00000| Untracked 
|  46|0x0000000706c00000, 0x0000000706c00000, 0x0000000706e00000|  0%| F|  |TAMS 0x0000000706c00000, 0x0000000706c00000| Untracked 
|  47|0x0000000706e00000, 0x0000000706e00000, 0x0000000707000000|  0%| F|  |TAMS 0x0000000706e00000, 0x0000000706e00000| Untracked 
|  48|0x0000000707000000, 0x0000000707000000, 0x0000000707200000|  0%| F|  |TAMS 0x0000000707000000, 0x0000000707000000| Untracked 
|  49|0x0000000707200000, 0x0000000707200000, 0x0000000707400000|  0%| F|  |TAMS 0x0000000707200000, 0x0000000707200000| Untracked 
|  50|0x0000000707400000, 0x0000000707400000, 0x0000000707600000|  0%| F|  |TAMS 0x0000000707400000, 0x0000000707400000| Untracked 
|  51|0x0000000707600000, 0x0000000707600000, 0x0000000707800000|  0%| F|  |TAMS 0x0000000707600000, 0x0000000707600000| Untracked 
|  52|0x0000000707800000, 0x0000000707800000, 0x0000000707a00000|  0%| F|  |TAMS 0x0000000707800000, 0x0000000707800000| Untracked 
|  53|0x0000000707a00000, 0x0000000707a00000, 0x0000000707c00000|  0%| F|  |TAMS 0x0000000707a00000, 0x0000000707a00000| Untracked 
|  54|0x0000000707c00000, 0x0000000707c00000, 0x0000000707e00000|  0%| F|  |TAMS 0x0000000707c00000, 0x0000000707c00000| Untracked 
|  55|0x0000000707e00000, 0x0000000707e00000, 0x0000000708000000|  0%| F|  |TAMS 0x0000000707e00000, 0x0000000707e00000| Untracked 
|  56|0x0000000708000000, 0x0000000708000000, 0x0000000708200000|  0%| F|  |TAMS 0x0000000708000000, 0x0000000708000000| Untracked 
|  57|0x0000000708200000, 0x0000000708200000, 0x0000000708400000|  0%| F|  |TAMS 0x0000000708200000, 0x0000000708200000| Untracked 
|  58|0x0000000708400000, 0x0000000708400000, 0x0000000708600000|  0%| F|  |TAMS 0x0000000708400000, 0x0000000708400000| Untracked 
|  59|0x0000000708600000, 0x0000000708600000, 0x0000000708800000|  0%| F|  |TAMS 0x0000000708600000, 0x0000000708600000| Untracked 
|  60|0x0000000708800000, 0x0000000708800000, 0x0000000708a00000|  0%| F|  |TAMS 0x0000000708800000, 0x0000000708800000| Untracked 
|  61|0x0000000708a00000, 0x0000000708a00000, 0x0000000708c00000|  0%| F|  |TAMS 0x0000000708a00000, 0x0000000708a00000| Untracked 
|  62|0x0000000708c00000, 0x0000000708c00000, 0x0000000708e00000|  0%| F|  |TAMS 0x0000000708c00000, 0x0000000708c00000| Untracked 
|  63|0x0000000708e00000, 0x0000000708e00000, 0x0000000709000000|  0%| F|  |TAMS 0x0000000708e00000, 0x0000000708e00000| Untracked 
|  64|0x0000000709000000, 0x0000000709000000, 0x0000000709200000|  0%| F|  |TAMS 0x0000000709000000, 0x0000000709000000| Untracked 
|  65|0x0000000709200000, 0x0000000709200000, 0x0000000709400000|  0%| F|  |TAMS 0x0000000709200000, 0x0000000709200000| Untracked 
|  66|0x0000000709400000, 0x0000000709400000, 0x0000000709600000|  0%| F|  |TAMS 0x0000000709400000, 0x0000000709400000| Untracked 
|  67|0x0000000709600000, 0x0000000709600000, 0x0000000709800000|  0%| F|  |TAMS 0x0000000709600000, 0x0000000709600000| Untracked 
|  68|0x0000000709800000, 0x0000000709800000, 0x0000000709a00000|  0%| F|  |TAMS 0x0000000709800000, 0x0000000709800000| Untracked 
|  69|0x0000000709a00000, 0x0000000709a00000, 0x0000000709c00000|  0%| F|  |TAMS 0x0000000709a00000, 0x0000000709a00000| Untracked 
|  70|0x0000000709c00000, 0x0000000709c00000, 0x0000000709e00000|  0%| F|  |TAMS 0x0000000709c00000, 0x0000000709c00000| Untracked 
|  71|0x0000000709e00000, 0x0000000709e00000, 0x000000070a000000|  0%| F|  |TAMS 0x0000000709e00000, 0x0000000709e00000| Untracked 
|  72|0x000000070a000000, 0x000000070a000000, 0x000000070a200000|  0%| F|  |TAMS 0x000000070a000000, 0x000000070a000000| Untracked 
|  73|0x000000070a200000, 0x000000070a200000, 0x000000070a400000|  0%| F|  |TAMS 0x000000070a200000, 0x000000070a200000| Untracked 
|  74|0x000000070a400000, 0x000000070a400000, 0x000000070a600000|  0%| F|  |TAMS 0x000000070a400000, 0x000000070a400000| Untracked 
|  75|0x000000070a600000, 0x000000070a600000, 0x000000070a800000|  0%| F|  |TAMS 0x000000070a600000, 0x000000070a600000| Untracked 
|  76|0x000000070a800000, 0x000000070a800000, 0x000000070aa00000|  0%| F|  |TAMS 0x000000070a800000, 0x000000070a800000| Untracked 
|  77|0x000000070aa00000, 0x000000070aa00000, 0x000000070ac00000|  0%| F|  |TAMS 0x000000070aa00000, 0x000000070aa00000| Untracked 
|  78|0x000000070ac00000, 0x000000070ac00000, 0x000000070ae00000|  0%| F|  |TAMS 0x000000070ac00000, 0x000000070ac00000| Untracked 
|  79|0x000000070ae00000, 0x000000070ae00000, 0x000000070b000000|  0%| F|  |TAMS 0x000000070ae00000, 0x000000070ae00000| Untracked 
|  80|0x000000070b000000, 0x000000070b000000, 0x000000070b200000|  0%| F|  |TAMS 0x000000070b000000, 0x000000070b000000| Untracked 
|  81|0x000000070b200000, 0x000000070b200000, 0x000000070b400000|  0%| F|  |TAMS 0x000000070b200000, 0x000000070b200000| Untracked 
|  82|0x000000070b400000, 0x000000070b400000, 0x000000070b600000|  0%| F|  |TAMS 0x000000070b400000, 0x000000070b400000| Untracked 
|  83|0x000000070b600000, 0x000000070b600000, 0x000000070b800000|  0%| F|  |TAMS 0x000000070b600000, 0x000000070b600000| Untracked 
|  84|0x000000070b800000, 0x000000070b800000, 0x000000070ba00000|  0%| F|  |TAMS 0x000000070b800000, 0x000000070b800000| Untracked 
|  85|0x000000070ba00000, 0x000000070ba00000, 0x000000070bc00000|  0%| F|  |TAMS 0x000000070ba00000, 0x000000070ba00000| Untracked 
|  86|0x000000070bc00000, 0x000000070bc00000, 0x000000070be00000|  0%| F|  |TAMS 0x000000070bc00000, 0x000000070bc00000| Untracked 
|  87|0x000000070be00000, 0x000000070be00000, 0x000000070c000000|  0%| F|  |TAMS 0x000000070be00000, 0x000000070be00000| Untracked 
|  88|0x000000070c000000, 0x000000070c000000, 0x000000070c200000|  0%| F|  |TAMS 0x000000070c000000, 0x000000070c000000| Untracked 
|  89|0x000000070c200000, 0x000000070c200000, 0x000000070c400000|  0%| F|  |TAMS 0x000000070c200000, 0x000000070c200000| Untracked 
|  90|0x000000070c400000, 0x000000070c400000, 0x000000070c600000|  0%| F|  |TAMS 0x000000070c400000, 0x000000070c400000| Untracked 
|  91|0x000000070c600000, 0x000000070c600000, 0x000000070c800000|  0%| F|  |TAMS 0x000000070c600000, 0x000000070c600000| Untracked 
|  92|0x000000070c800000, 0x000000070c800000, 0x000000070ca00000|  0%| F|  |TAMS 0x000000070c800000, 0x000000070c800000| Untracked 
|  93|0x000000070ca00000, 0x000000070ca00000, 0x000000070cc00000|  0%| F|  |TAMS 0x000000070ca00000, 0x000000070ca00000| Untracked 
|  94|0x000000070cc00000, 0x000000070cc00000, 0x000000070ce00000|  0%| F|  |TAMS 0x000000070cc00000, 0x000000070cc00000| Untracked 
|  95|0x000000070ce00000, 0x000000070ce00000, 0x000000070d000000|  0%| F|  |TAMS 0x000000070ce00000, 0x000000070ce00000| Untracked 
|  96|0x000000070d000000, 0x000000070d000000, 0x000000070d200000|  0%| F|  |TAMS 0x000000070d000000, 0x000000070d000000| Untracked 
|  97|0x000000070d200000, 0x000000070d200000, 0x000000070d400000|  0%| F|  |TAMS 0x000000070d200000, 0x000000070d200000| Untracked 
|  98|0x000000070d400000, 0x000000070d400000, 0x000000070d600000|  0%| F|  |TAMS 0x000000070d400000, 0x000000070d400000| Untracked 
|  99|0x000000070d600000, 0x000000070d600000, 0x000000070d800000|  0%| F|  |TAMS 0x000000070d600000, 0x000000070d600000| Untracked 
| 100|0x000000070d800000, 0x000000070d800000, 0x000000070da00000|  0%| F|  |TAMS 0x000000070d800000, 0x000000070d800000| Untracked 
| 101|0x000000070da00000, 0x000000070da00000, 0x000000070dc00000|  0%| F|  |TAMS 0x000000070da00000, 0x000000070da00000| Untracked 
| 102|0x000000070dc00000, 0x000000070dc00000, 0x000000070de00000|  0%| F|  |TAMS 0x000000070dc00000, 0x000000070dc00000| Untracked 
| 103|0x000000070de00000, 0x000000070de00000, 0x000000070e000000|  0%| F|  |TAMS 0x000000070de00000, 0x000000070de00000| Untracked 
| 104|0x000000070e000000, 0x000000070e000000, 0x000000070e200000|  0%| F|  |TAMS 0x000000070e000000, 0x000000070e000000| Untracked 
| 105|0x000000070e200000, 0x000000070e200000, 0x000000070e400000|  0%| F|  |TAMS 0x000000070e200000, 0x000000070e200000| Untracked 
| 106|0x000000070e400000, 0x000000070e400000, 0x000000070e600000|  0%| F|  |TAMS 0x000000070e400000, 0x000000070e400000| Untracked 
| 107|0x000000070e600000, 0x000000070e600000, 0x000000070e800000|  0%| F|  |TAMS 0x000000070e600000, 0x000000070e600000| Untracked 
| 108|0x000000070e800000, 0x000000070e800000, 0x000000070ea00000|  0%| F|  |TAMS 0x000000070e800000, 0x000000070e800000| Untracked 
| 109|0x000000070ea00000, 0x000000070ea00000, 0x000000070ec00000|  0%| F|  |TAMS 0x000000070ea00000, 0x000000070ea00000| Untracked 
| 110|0x000000070ec00000, 0x000000070ec00000, 0x000000070ee00000|  0%| F|  |TAMS 0x000000070ec00000, 0x000000070ec00000| Untracked 
| 111|0x000000070ee00000, 0x000000070ee00000, 0x000000070f000000|  0%| F|  |TAMS 0x000000070ee00000, 0x000000070ee00000| Untracked 
| 112|0x000000070f000000, 0x000000070f000000, 0x000000070f200000|  0%| F|  |TAMS 0x000000070f000000, 0x000000070f000000| Untracked 
| 113|0x000000070f200000, 0x000000070f200000, 0x000000070f400000|  0%| F|  |TAMS 0x000000070f200000, 0x000000070f200000| Untracked 
| 114|0x000000070f400000, 0x000000070f400000, 0x000000070f600000|  0%| F|  |TAMS 0x000000070f400000, 0x000000070f400000| Untracked 
| 115|0x000000070f600000, 0x000000070f600000, 0x000000070f800000|  0%| F|  |TAMS 0x000000070f600000, 0x000000070f600000| Untracked 
| 116|0x000000070f800000, 0x000000070f800000, 0x000000070fa00000|  0%| F|  |TAMS 0x000000070f800000, 0x000000070f800000| Untracked 
| 117|0x000000070fa00000, 0x000000070fa00000, 0x000000070fc00000|  0%| F|  |TAMS 0x000000070fa00000, 0x000000070fa00000| Untracked 
| 118|0x000000070fc00000, 0x000000070fc00000, 0x000000070fe00000|  0%| F|  |TAMS 0x000000070fc00000, 0x000000070fc00000| Untracked 
| 119|0x000000070fe00000, 0x000000070fe00000, 0x0000000710000000|  0%| F|  |TAMS 0x000000070fe00000, 0x000000070fe00000| Untracked 
| 120|0x0000000710000000, 0x0000000710000000, 0x0000000710200000|  0%| F|  |TAMS 0x0000000710000000, 0x0000000710000000| Untracked 
| 121|0x0000000710200000, 0x0000000710200000, 0x0000000710400000|  0%| F|  |TAMS 0x0000000710200000, 0x0000000710200000| Untracked 
| 122|0x0000000710400000, 0x0000000710400000, 0x0000000710600000|  0%| F|  |TAMS 0x0000000710400000, 0x0000000710400000| Untracked 
| 123|0x0000000710600000, 0x0000000710600000, 0x0000000710800000|  0%| F|  |TAMS 0x0000000710600000, 0x0000000710600000| Untracked 
| 124|0x0000000710800000, 0x0000000710a00000, 0x0000000710a00000|100%| E|  |TAMS 0x0000000710800000, 0x0000000710800000| Complete 
| 125|0x0000000710a00000, 0x0000000710c00000, 0x0000000710c00000|100%| E|CS|TAMS 0x0000000710a00000, 0x0000000710a00000| Complete 
| 126|0x0000000710c00000, 0x0000000710e00000, 0x0000000710e00000|100%| E|  |TAMS 0x0000000710c00000, 0x0000000710c00000| Complete 
| 127|0x0000000710e00000, 0x0000000711000000, 0x0000000711000000|100%| E|CS|TAMS 0x0000000710e00000, 0x0000000710e00000| Complete 

Card table byte_map: [0x0000026b510c0000,0x0000026b518c0000] _byte_map_base: 0x0000026b4d8b8000

Marking Bits (Prev, Next): (CMBitMap*) 0x0000026b3de4f1f0, (CMBitMap*) 0x0000026b3de4f230
 Prev Bits: [0x0000026b520c0000, 0x0000026b56080000)
 Next Bits: [0x0000026b56080000, 0x0000026b5a040000)

Polling page: 0x0000026b3d5e0000

Metaspace:

Usage:
  Non-class:      9.63 MB used.
      Class:      1.02 MB used.
       Both:     10.64 MB used.

Virtual space:
  Non-class space:       16.00 MB reserved,       9.69 MB ( 61%) committed,  2 nodes.
      Class space:        1.00 GB reserved,       1.06 MB ( <1%) committed,  1 nodes.
              Both:        1.02 GB reserved,      10.75 MB (  1%) committed. 

Chunk freelists:
   Non-Class:  2.22 MB
       Class:  2.75 MB
        Both:  4.97 MB

MaxMetaspaceSize: 17179869184.00 GB
CompressedClassSpaceSize: 1.00 GB
 - commit_granule_bytes: 65536.
 - commit_granule_words: 8192.
 - virtual_space_node_default_size: 1048576.
 - enlarge_chunks_in_place: 1.
 - new_chunks_are_fully_committed: 0.
 - uncommit_free_chunks: 1.
 - use_allocation_guard: 0.
 - handle_deallocations: 1.


Internal statistics:

num_allocs_failed_limit: 0.
num_arena_births: 90.
num_arena_deaths: 0.
num_vsnodes_births: 3.
num_vsnodes_deaths: 0.
num_space_committed: 172.
num_space_uncommitted: 0.
num_chunks_returned_to_freelist: 0.
num_chunks_taken_from_freelist: 135.
num_chunk_merges: 0.
num_chunk_splits: 73.
num_chunks_enlarged: 37.
num_purges: 0.

CodeHeap 'non-profiled nmethods': size=120000Kb used=163Kb max_used=163Kb free=119836Kb
 bounds [0x0000026b48e40000, 0x0000026b490b0000, 0x0000026b50370000]
CodeHeap 'profiled nmethods': size=120000Kb used=747Kb max_used=747Kb free=119252Kb
 bounds [0x0000026b41910000, 0x0000026b41b80000, 0x0000026b48e40000]
CodeHeap 'non-nmethods': size=5760Kb used=1188Kb max_used=1202Kb free=4571Kb
 bounds [0x0000026b41370000, 0x0000026b415e0000, 0x0000026b41910000]
 total_blobs=1013 nmethods=529 adapters=397
 compilation: enabled
              stopped_count=0, restarted_count=0
 full_count=0

Compilation events (20 events):
Event: 0.375 Thread 0x0000026b5d89ec10  514       4       java.lang.String::hashCode (60 bytes)
Event: 0.375 Thread 0x0000026b5d8a0240  521       3       java.io.WinNTFileSystem::normalize (143 bytes)
Event: 0.376 Thread 0x0000026b5d8a0240 nmethod 521 0x0000026b419c7b10 code [0x0000026b419c7da0, 0x0000026b419c8978]
Event: 0.376 Thread 0x0000026b5d8a0240  522       1       java.lang.reflect.Field::getName (5 bytes)
Event: 0.376 Thread 0x0000026b5d8a0240 nmethod 522 0x0000026b48e67f90 code [0x0000026b48e68120, 0x0000026b48e681f8]
Event: 0.376 Thread 0x0000026b5d8a0240  523       3       sun.util.logging.PlatformLogger::isLoggable (23 bytes)
Event: 0.376 Thread 0x0000026b5d8a0240 nmethod 523 0x0000026b419c8e10 code [0x0000026b419c8fe0, 0x0000026b419c92b8]
Event: 0.376 Thread 0x0000026b5d8a0240  526       3       java.lang.String::lastIndexOf (29 bytes)
Event: 0.376 Thread 0x0000026b5d8a0240 nmethod 526 0x0000026b419c9390 code [0x0000026b419c9560, 0x0000026b419c9818]
Event: 0.376 Thread 0x0000026b5d8a0240  525       3       java.lang.String::lastIndexOf (12 bytes)
Event: 0.377 Thread 0x0000026b5d8a0240 nmethod 525 0x0000026b419c9910 code [0x0000026b419c9b00, 0x0000026b419c9f18]
Event: 0.377 Thread 0x0000026b5d8a0240  529       3       java.nio.Buffer::position (52 bytes)
Event: 0.377 Thread 0x0000026b5d8a0240 nmethod 529 0x0000026b419ca090 code [0x0000026b419ca240, 0x0000026b419ca4c8]
Event: 0.377 Thread 0x0000026b5d8a0240  524       3       jdk.internal.logger.AbstractLoggerWrapper::isLoggable (26 bytes)
Event: 0.377 Thread 0x0000026b5d8a0240 nmethod 524 0x0000026b419ca590 code [0x0000026b419ca780, 0x0000026b419cad18]
Event: 0.377 Thread 0x0000026b5d8a0240  527       1       java.nio.DirectByteBuffer::attachment (5 bytes)
Event: 0.378 Thread 0x0000026b5d8a0240 nmethod 527 0x0000026b48e68290 code [0x0000026b48e68420, 0x0000026b48e684f8]
Event: 0.378 Thread 0x0000026b5d8a0240  528       1       jdk.internal.jimage.ImageHeader::getTableLength (5 bytes)
Event: 0.378 Thread 0x0000026b5d8a0240 nmethod 528 0x0000026b48e68590 code [0x0000026b48e68720, 0x0000026b48e687f8]
Event: 0.379 Thread 0x0000026b5d89ec10 nmethod 514 0x0000026b48e68890 code [0x0000026b48e68a20, 0x0000026b48e68ca8]

GC Heap History (0 events):
No events

Deoptimization events (20 events):
Event: 0.125 Thread 0x0000026b3bdbdee0 DEOPT PACKING pc=0x0000026b41931a94 sp=0x000000ea572fcdc0
Event: 0.125 Thread 0x0000026b3bdbdee0 DEOPT UNPACKING pc=0x0000026b413bdece sp=0x000000ea572fc270 mode 0
Event: 0.126 Thread 0x0000026b3bdbdee0 DEOPT PACKING pc=0x0000026b41931a94 sp=0x000000ea572fcdc0
Event: 0.126 Thread 0x0000026b3bdbdee0 DEOPT UNPACKING pc=0x0000026b413bdece sp=0x000000ea572fc270 mode 0
Event: 0.127 Thread 0x0000026b3bdbdee0 DEOPT PACKING pc=0x0000026b41931a94 sp=0x000000ea572fcdc0
Event: 0.127 Thread 0x0000026b3bdbdee0 DEOPT UNPACKING pc=0x0000026b413bdece sp=0x000000ea572fc270 mode 0
Event: 0.127 Thread 0x0000026b3bdbdee0 DEOPT PACKING pc=0x0000026b41931a94 sp=0x000000ea572fcdc0
Event: 0.127 Thread 0x0000026b3bdbdee0 DEOPT UNPACKING pc=0x0000026b413bdece sp=0x000000ea572fc270 mode 0
Event: 0.127 Thread 0x0000026b3bdbdee0 DEOPT PACKING pc=0x0000026b41931a94 sp=0x000000ea572fcdc0
Event: 0.127 Thread 0x0000026b3bdbdee0 DEOPT UNPACKING pc=0x0000026b413bdece sp=0x000000ea572fc270 mode 0
Event: 0.159 Thread 0x0000026b3bdbdee0 Uncommon trap: trap_request=0xffffff45 fr.pc=0x0000026b48e46228 relative=0x0000000000000088
Event: 0.159 Thread 0x0000026b3bdbdee0 Uncommon trap: reason=unstable_if action=reinterpret pc=0x0000026b48e46228 method=java.lang.String.charAt(I)C @ 4 c2
Event: 0.159 Thread 0x0000026b3bdbdee0 DEOPT PACKING pc=0x0000026b48e46228 sp=0x000000ea572fd200
Event: 0.159 Thread 0x0000026b3bdbdee0 DEOPT UNPACKING pc=0x0000026b413bd72e sp=0x000000ea572fd1a0 mode 2
Event: 0.336 Thread 0x0000026b3bdbdee0 Uncommon trap: trap_request=0xffffff45 fr.pc=0x0000026b48e4d758 relative=0x0000000000000238
Event: 0.336 Thread 0x0000026b3bdbdee0 Uncommon trap: reason=unstable_if action=reinterpret pc=0x0000026b48e4d758 method=java.lang.String.hashCode()I @ 20 c2
Event: 0.336 Thread 0x0000026b3bdbdee0 DEOPT PACKING pc=0x0000026b48e4d758 sp=0x000000ea572fdad0
Event: 0.336 Thread 0x0000026b3bdbdee0 DEOPT UNPACKING pc=0x0000026b413bd72e sp=0x000000ea572fda60 mode 2
Event: 0.365 Thread 0x0000026b3bdbdee0 DEOPT PACKING pc=0x0000026b41927f67 sp=0x000000ea572fddc0
Event: 0.365 Thread 0x0000026b3bdbdee0 DEOPT UNPACKING pc=0x0000026b413bdece sp=0x000000ea572fd1e0 mode 0

Classes unloaded (0 events):
No events

Classes redefined (0 events):
No events

Internal exceptions (11 events):
Event: 0.091 Thread 0x0000026b3bdbdee0 Exception <a 'java/lang/NoSuchMethodError'{0x0000000710f48060}: 'void java.lang.invoke.DirectMethodHandle$Holder.invokeSpecial(java.lang.Object, java.lang.Object, java.lang.Object)'> (0x0000000710f48060) 
thrown [t:\workspace\open\src\hotspot\share\interpreter\linkResolver.cpp, line 790]
Event: 0.142 Thread 0x0000026b3bdbdee0 Exception <a 'java/lang/ClassNotFoundException'{0x0000000710b30c68}: sun/awt/resources/spi/awtProvider> (0x0000000710b30c68) 
thrown [t:\workspace\open\src\hotspot\share\classfile\systemDictionary.cpp, line 256]
Event: 0.159 Thread 0x0000026b3bdbdee0 Exception <a 'java/io/FileNotFoundException'{0x0000000710b8bed0}> (0x0000000710b8bed0) 
thrown [t:\workspace\open\src\hotspot\share\prims\jni.cpp, line 579]
Event: 0.163 Thread 0x0000026b3bdbdee0 Exception <a 'java/io/FileNotFoundException'{0x0000000710bace88}> (0x0000000710bace88) 
thrown [t:\workspace\open\src\hotspot\share\prims\jni.cpp, line 579]
Event: 0.164 Thread 0x0000026b3bdbdee0 Exception <a 'java/lang/NoSuchMethodError'{0x0000000710bae4e0}: 'java.lang.Object java.lang.invoke.DirectMethodHandle$Holder.invokeStatic(java.lang.Object)'> (0x0000000710bae4e0) 
thrown [t:\workspace\open\src\hotspot\share\interpreter\linkResolver.cpp, line 790]
Event: 0.197 Thread 0x0000026b3bdbdee0 Exception <a 'java/lang/NoSuchMethodError'{0x000000071080c848}: 'java.lang.Object java.lang.invoke.DirectMethodHandle$Holder.invokeStaticInit(java.lang.Object)'> (0x000000071080c848) 
thrown [t:\workspace\open\src\hotspot\share\interpreter\linkResolver.cpp, line 790]
Event: 0.347 Thread 0x0000026b3bdbdee0 Exception <a 'java/lang/NoSuchMethodError'{0x00000007108ef190}: 'java.lang.Object java.lang.invoke.DirectMethodHandle$Holder.newInvokeSpecial(java.lang.Object, java.lang.Object, java.lang.Object, java.lang.Object, java.lang.Object)'> (0x00000007108ef190) 
thrown [t:\workspace\open\src\hotspot\share\interpreter\linkResolver.cpp, line 790]
Event: 0.348 Thread 0x0000026b3bdbdee0 Exception <a 'java/lang/NoSuchMethodError'{0x00000007108fac78}: 'java.lang.Object java.lang.invoke.DirectMethodHandle$Holder.invokeStatic(java.lang.Object, int, java.lang.Object, java.lang.Object, java.lang.Object, java.lang.Object)'> (0x00000007108fac78) 
thrown [t:\workspace\open\src\hotspot\share\interpreter\linkResolver.cpp, line 790]
Event: 0.352 Thread 0x0000026b3bdbdee0 Exception <a 'java/lang/NoSuchMethodError'{0x0000000710920d40}: 'java.lang.Object java.lang.invoke.DirectMethodHandle$Holder.invokeStatic(java.lang.Object, int, java.lang.Object)'> (0x0000000710920d40) 
thrown [t:\workspace\open\src\hotspot\share\interpreter\linkResolver.cpp, line 790]
Event: 0.370 Thread 0x0000026b3bdbdee0 Exception <a 'java/lang/ClassNotFoundException'{0x00000007109d9300}: com/sun/swing/internal/plaf/metal/resources/spi/metalProvider> (0x00000007109d9300) 
thrown [t:\workspace\open\src\hotspot\share\classfile\systemDictionary.cpp, line 256]
Event: 0.371 Thread 0x0000026b3bdbdee0 Exception <a 'java/lang/ClassNotFoundException'{0x00000007109dd368}: com/sun/swing/internal/plaf/basic/resources/spi/basicProvider> (0x00000007109dd368) 
thrown [t:\workspace\open\src\hotspot\share\classfile\systemDictionary.cpp, line 256]

Events (20 events):
Event: 0.379 loading class java/awt/ImageMediaEntry done
Event: 0.379 loading class sun/awt/image/MultiResolutionToolkitImage
Event: 0.379 loading class java/awt/image/MultiResolutionImage
Event: 0.379 loading class java/awt/image/MultiResolutionImage done
Event: 0.379 loading class sun/awt/image/MultiResolutionToolkitImage done
Event: 0.379 loading class sun/awt/image/ImageRepresentation
Event: 0.379 loading class java/awt/image/ImageConsumer
Event: 0.379 loading class java/awt/image/ImageConsumer done
Event: 0.379 loading class sun/awt/image/ImageWatched
Event: 0.379 loading class sun/awt/image/ImageWatched done
Event: 0.379 loading class sun/awt/image/ImageRepresentation done
Event: 0.379 loading class sun/awt/image/ImageWatched$Link
Event: 0.379 loading class sun/awt/image/ImageWatched$Link done
Event: 0.380 loading class sun/awt/image/ImageWatched$WeakLink
Event: 0.380 loading class sun/awt/image/ImageWatched$WeakLink done
Event: 0.380 loading class sun/awt/image/ImageWatched$AccWeakReference
Event: 0.380 loading class sun/awt/image/ImageWatched$AccWeakReference done
Event: 0.380 loading class sun/awt/image/ImageConsumerQueue
Event: 0.380 loading class sun/awt/image/ImageConsumerQueue done
Event: 0.380 loading class sun/awt/image/ImageFetcher


Dynamic libraries:
0x00007ff687780000 - 0x00007ff68778e000 	D:\eclipse\plugins\org.eclipse.justj.openjdk.hotspot.jre.full.win32.x86_64_16.0.1.v20210528-1205\jre\bin\javaw.exe
0x00007ffb329d0000 - 0x00007ffb32bc8000 	C:\Windows\SYSTEM32\ntdll.dll
0x00007ffb317e0000 - 0x00007ffb3189f000 	C:\Windows\System32\KERNEL32.DLL
0x00007ffb30730000 - 0x00007ffb30a02000 	C:\Windows\System32\KERNELBASE.dll
0x00007ffb300c0000 - 0x00007ffb301c0000 	C:\Windows\System32\ucrtbase.dll
0x00007ffb21660000 - 0x00007ffb21678000 	D:\eclipse\plugins\org.eclipse.justj.openjdk.hotspot.jre.full.win32.x86_64_16.0.1.v20210528-1205\jre\bin\jli.dll
0x00007ffb21220000 - 0x00007ffb21239000 	D:\eclipse\plugins\org.eclipse.justj.openjdk.hotspot.jre.full.win32.x86_64_16.0.1.v20210528-1205\jre\bin\VCRUNTIME140.dll
0x00007ffb327e0000 - 0x00007ffb32981000 	C:\Windows\System32\USER32.dll
0x00007ffb30400000 - 0x00007ffb30422000 	C:\Windows\System32\win32u.dll
0x00007ffb322b0000 - 0x00007ffb322db000 	C:\Windows\System32\GDI32.dll
0x00007ffb30260000 - 0x00007ffb3036f000 	C:\Windows\System32\gdi32full.dll
0x00007ffb301c0000 - 0x00007ffb3025d000 	C:\Windows\System32\msvcp_win.dll
0x00007ffb0e220000 - 0x00007ffb0e4ba000 	C:\Windows\WinSxS\amd64_microsoft.windows.common-controls_6595b64144ccf1df_6.0.19041.1110_none_60b5254171f9507e\COMCTL32.dll
0x00007ffb30ba0000 - 0x00007ffb30c3e000 	C:\Windows\System32\msvcrt.dll
0x00007ffb31a70000 - 0x00007ffb31aa2000 	C:\Windows\System32\IMM32.DLL
0x00007ffb216f0000 - 0x00007ffb216fc000 	D:\eclipse\plugins\org.eclipse.justj.openjdk.hotspot.jre.full.win32.x86_64_16.0.1.v20210528-1205\jre\bin\vcruntime140_1.dll
0x00007ffb1f420000 - 0x00007ffb1f4b1000 	D:\eclipse\plugins\org.eclipse.justj.openjdk.hotspot.jre.full.win32.x86_64_16.0.1.v20210528-1205\jre\bin\msvcp140.dll
0x00007ffaede30000 - 0x00007ffaee9db000 	D:\eclipse\plugins\org.eclipse.justj.openjdk.hotspot.jre.full.win32.x86_64_16.0.1.v20210528-1205\jre\bin\server\jvm.dll
0x00007ffb30a10000 - 0x00007ffb30abe000 	C:\Windows\System32\ADVAPI32.dll
0x00007ffb318a0000 - 0x00007ffb3193c000 	C:\Windows\System32\sechost.dll
0x00007ffb31c90000 - 0x00007ffb31db5000 	C:\Windows\System32\RPCRT4.dll
0x00007ffb319f0000 - 0x00007ffb319f8000 	C:\Windows\System32\PSAPI.DLL
0x00007ffb2b500000 - 0x00007ffb2b50a000 	C:\Windows\SYSTEM32\VERSION.dll
0x00007ffb1e680000 - 0x00007ffb1e689000 	C:\Windows\SYSTEM32\WSOCK32.dll
0x00007ffb1ff10000 - 0x00007ffb1ff37000 	C:\Windows\SYSTEM32\WINMM.dll
0x00007ffb31770000 - 0x00007ffb317db000 	C:\Windows\System32\WS2_32.dll
0x00007ffb2dfa0000 - 0x00007ffb2dfb2000 	C:\Windows\SYSTEM32\kernel.appcore.dll
0x00007ffaf0e00000 - 0x00007ffaf0e0a000 	D:\eclipse\plugins\org.eclipse.justj.openjdk.hotspot.jre.full.win32.x86_64_16.0.1.v20210528-1205\jre\bin\jimage.dll
0x00007ffb29940000 - 0x00007ffb29b24000 	C:\Windows\SYSTEM32\DBGHELP.DLL
0x00007ffb292b0000 - 0x00007ffb292e5000 	C:\Windows\SYSTEM32\dbgcore.DLL
0x00007ffb30370000 - 0x00007ffb303f2000 	C:\Windows\System32\bcryptPrimitives.dll
0x00007ffaef5f0000 - 0x00007ffaef615000 	D:\eclipse\plugins\org.eclipse.justj.openjdk.hotspot.jre.full.win32.x86_64_16.0.1.v20210528-1205\jre\bin\java.dll
0x00007ffaf0790000 - 0x00007ffaf07a8000 	D:\eclipse\plugins\org.eclipse.justj.openjdk.hotspot.jre.full.win32.x86_64_16.0.1.v20210528-1205\jre\bin\zip.dll
0x00007ffb30fa0000 - 0x00007ffb316e4000 	C:\Windows\System32\SHELL32.dll
0x00007ffb2e1a0000 - 0x00007ffb2e932000 	C:\Windows\SYSTEM32\windows.storage.dll
0x00007ffb30c40000 - 0x00007ffb30f95000 	C:\Windows\System32\combase.dll
0x00007ffb2fa40000 - 0x00007ffb2fa70000 	C:\Windows\SYSTEM32\Wldp.dll
0x00007ffb31be0000 - 0x00007ffb31c8d000 	C:\Windows\System32\SHCORE.dll
0x00007ffb31a00000 - 0x00007ffb31a55000 	C:\Windows\System32\shlwapi.dll
0x00007ffb30000000 - 0x00007ffb3001f000 	C:\Windows\SYSTEM32\profapi.dll
0x00007ffaef470000 - 0x00007ffaef489000 	D:\eclipse\plugins\org.eclipse.justj.openjdk.hotspot.jre.full.win32.x86_64_16.0.1.v20210528-1205\jre\bin\net.dll
0x00007ffb2b800000 - 0x00007ffb2b90c000 	C:\Windows\SYSTEM32\WINHTTP.dll
0x00007ffb2f7a0000 - 0x00007ffb2f80a000 	C:\Windows\system32\mswsock.dll
0x00007ffaef450000 - 0x00007ffaef463000 	D:\eclipse\plugins\org.eclipse.justj.openjdk.hotspot.jre.full.win32.x86_64_16.0.1.v20210528-1205\jre\bin\nio.dll
0x00007ffb1f0e0000 - 0x00007ffb1f25f000 	D:\eclipse\plugins\org.eclipse.justj.openjdk.hotspot.jre.full.win32.x86_64_16.0.1.v20210528-1205\jre\bin\awt.dll
0x00007ffb31dc0000 - 0x00007ffb31e8d000 	C:\Windows\System32\OLEAUT32.dll
0x00007ffb2d970000 - 0x00007ffb2da01000 	C:\Windows\SYSTEM32\apphelp.dll
0x00007ffb2de90000 - 0x00007ffb2debf000 	C:\Windows\system32\DWMAPI.DLL
0x00007ffb2dad0000 - 0x00007ffb2db6e000 	C:\Windows\system32\uxtheme.dll
0x00007ffb1f2f0000 - 0x00007ffb1f415000 	C:\Windows\system32\opengl32.dll
0x00007ffb211f0000 - 0x00007ffb2121c000 	C:\Windows\SYSTEM32\GLU32.dll
0x00007ffb32190000 - 0x00007ffb322a5000 	C:\Windows\System32\MSCTF.dll
0x00007ffb31e90000 - 0x00007ffb31fba000 	C:\Windows\System32\ole32.dll
0x00007ffb175f0000 - 0x00007ffb177be000 	C:\Windows\system32\d3d9.dll
0x00007ffb145b0000 - 0x00007ffb146c7000 	C:\Windows\System32\DriverStore\FileRepository\nv_dispig.inf_amd64_ee20464bb4ac57f4\nvldumdx.dll
0x00007ffb2fbd0000 - 0x00007ffb2fbe2000 	C:\Windows\SYSTEM32\msasn1.dll
0x00007ffb2ad00000 - 0x00007ffb2ad31000 	C:\Windows\SYSTEM32\cryptnet.dll
0x00007ffb30530000 - 0x00007ffb30686000 	C:\Windows\System32\CRYPT32.dll
0x00007ffb2a0d0000 - 0x00007ffb2a218000 	C:\Windows\SYSTEM32\drvstore.dll
0x00007ffb2fd90000 - 0x00007ffb2fdbc000 	C:\Windows\SYSTEM32\devobj.dll
0x00007ffb30430000 - 0x00007ffb3047e000 	C:\Windows\System32\cfgmgr32.dll
0x00007ffb2f990000 - 0x00007ffb2f99c000 	C:\Windows\SYSTEM32\cryptbase.dll
0x00007ffb306c0000 - 0x00007ffb30729000 	C:\Windows\System32\WINTRUST.DLL
0x00007ffb32170000 - 0x00007ffb3218d000 	C:\Windows\System32\imagehlp.dll
0x00007ffb2f9a0000 - 0x00007ffb2f9b8000 	C:\Windows\SYSTEM32\CRYPTSP.dll
0x00007ffb2f0c0000 - 0x00007ffb2f0f4000 	C:\Windows\system32\rsaenh.dll
0x00007ffb30690000 - 0x00007ffb306b7000 	C:\Windows\System32\bcrypt.dll
0x00007ffaec1b0000 - 0x00007ffaed9ba000 	C:\Windows\System32\DriverStore\FileRepository\nv_dispig.inf_amd64_ee20464bb4ac57f4\nvd3dumx.dll
0x00007ffb2e950000 - 0x00007ffb2e973000 	C:\Windows\SYSTEM32\gpapi.dll
0x00007ffb13e70000 - 0x00007ffb13eab000 	C:\Windows\SYSTEM32\dxcore.dll

dbghelp: loaded successfully - version: 4.0.5 - missing functions: none
symbol engine: initialized successfully - sym options: 0x614 - pdb path: .;D:\eclipse\plugins\org.eclipse.justj.openjdk.hotspot.jre.full.win32.x86_64_16.0.1.v20210528-1205\jre\bin;C:\Windows\SYSTEM32;C:\Windows\WinSxS\amd64_microsoft.windows.common-controls_6595b64144ccf1df_6.0.19041.1110_none_60b5254171f9507e;D:\eclipse\plugins\org.eclipse.justj.openjdk.hotspot.jre.full.win32.x86_64_16.0.1.v20210528-1205\jre\bin\server;C:\Windows\System32\DriverStore\FileRepository\nv_dispig.inf_amd64_ee20464bb4ac57f4

VM Arguments:
jvm_args: -Dfile.encoding=utf-8 -XX:+ShowCodeDetailsInExceptionMessages 
java_command: lm.view.DeptProc
java_class_path (initial): C:\Users\GGG\git\ProjectLM\PrjLB\bin;C:\Users\GGG\git\ProjectLM\PrjLB\lib\activation-1.1.1.jar;C:\Users\GGG\git\ProjectLM\PrjLB\lib\commons-codec-1.13.jar;C:\Users\GGG\git\ProjectLM\PrjLB\lib\commons-collections4-4.4.jar;C:\Users\GGG\git\ProjectLM\PrjLB\lib\commons-compress-1.19.jar;C:\Users\GGG\git\ProjectLM\PrjLB\lib\commons-logging-1.2.jar;C:\Users\GGG\git\ProjectLM\PrjLB\lib\commons-math3-3.6.1.jar;C:\Users\GGG\git\ProjectLM\PrjLB\lib\jaxb-api-2.3.1.jar;C:\Users\GGG\git\ProjectLM\PrjLB\lib\jaxb-core-2.3.0.1.jar;C:\Users\GGG\git\ProjectLM\PrjLB\lib\jaxb-impl-2.3.2.jar;C:\Users\GGG\git\ProjectLM\PrjLB\lib\junit-4.12.jar;C:\Users\GGG\git\ProjectLM\PrjLB\lib\log4j-1.2.17.jar;C:\Users\GGG\git\ProjectLM\PrjLB\lib\poi-4.1.1.jar;C:\Users\GGG\git\ProjectLM\PrjLB\lib\poi-examples-4.1.1.jar;C:\Users\GGG\git\ProjectLM\PrjLB\lib\poi-excelant-4.1.1.jar;C:\Users\GGG\git\ProjectLM\PrjLB\lib\poi-ooxml-4.1.1.jar;C:\Users\GGG\git\ProjectLM\PrjLB\lib\poi-ooxml-schemas-4.1.1.jar;C:\Users\GGG\git\ProjectLM\PrjLB\lib\poi-scratchpad-4.1.1.jar;C:\Users\GGG\git\ProjectLM\PrjLB\lib\xmlbeans-3.1.0.jar;C:\Users\GGG\git\ProjectLM\PrjLB\lib\jdatepicker-1.3.2.jar;C:\Users\GGG\git\ProjectLM\PrjLB\Oraclelib\osdt_core.jar;C:\Users\GGG\git\ProjectLM\PrjLB\Oraclelib\osdt_cert.jar;C:\Users\GGG\git\ProjectLM\PrjLB\Oraclelib\oraclepki.jar;C:\Users\GGG\git\ProjectLM\PrjLB\Oraclelib\ojdbc8.jar
Launcher Type: SUN_STANDARD

[Global flags]
     intx CICompilerCount                          = 4                                         {product} {ergonomic}
     uint ConcGCThreads                            = 3                                         {product} {ergonomic}
     uint G1ConcRefinementThreads                  = 10                                        {product} {ergonomic}
   size_t G1HeapRegionSize                         = 2097152                                   {product} {ergonomic}
    uintx GCDrainStackTargetSize                   = 64                                        {product} {ergonomic}
   size_t InitialHeapSize                          = 268435456                                 {product} {ergonomic}
   size_t MarkStackSize                            = 4194304                                   {product} {ergonomic}
   size_t MaxHeapSize                              = 4278190080                                {product} {ergonomic}
   size_t MaxNewSize                               = 2566914048                                {product} {ergonomic}
   size_t MinHeapDeltaBytes                        = 2097152                                   {product} {ergonomic}
   size_t MinHeapSize                              = 8388608                                   {product} {ergonomic}
    uintx NonNMethodCodeHeapSize                   = 5839372                                {pd product} {ergonomic}
    uintx NonProfiledCodeHeapSize                  = 122909434                              {pd product} {ergonomic}
    uintx ProfiledCodeHeapSize                     = 122909434                              {pd product} {ergonomic}
    uintx ReservedCodeCacheSize                    = 251658240                              {pd product} {ergonomic}
     bool SegmentedCodeCache                       = true                                      {product} {ergonomic}
     bool ShowCodeDetailsInExceptionMessages       = true                                   {manageable} {command line}
   size_t SoftMaxHeapSize                          = 4278190080                             {manageable} {ergonomic}
     bool UseCompressedClassPointers               = true                           {product lp64_product} {ergonomic}
     bool UseCompressedOops                        = true                           {product lp64_product} {ergonomic}
     bool UseG1GC                                  = true                                      {product} {ergonomic}
     bool UseLargePagesIndividualAllocation        = false                                  {pd product} {ergonomic}

Logging:
Log output configuration:
 #0: stdout all=warning uptime,level,tags
 #1: stderr all=off uptime,level,tags

Environment Variables:
JAVA_HOME=C:\Program Files\Java\jdk-11.0.16.1
PATH=D:/eclipse//plugins/org.eclipse.justj.openjdk.hotspot.jre.full.win32.x86_64_16.0.1.v20210528-1205/jre/bin/server;D:/eclipse//plugins/org.eclipse.justj.openjdk.hotspot.jre.full.win32.x86_64_16.0.1.v20210528-1205/jre/bin;C:\oraclexe\app\oracle\product\11.2.0\server\bin;C:\Program Files\Common Files\Oracle\Java\javapath;C:\Program Files (x86)\Common Files\Intel\Shared Libraries\redist\intel64\compiler;C:\Windows\system32;C:\Windows;C:\Windows\System32\Wbem;C:\Windows\System32\WindowsPowerShell\v1.0\;C:\Windows\System32\OpenSSH\;C:\Program Files\Java\jdk-11.0.16.1\bin;C:\Program Files\Java\jdk-11.0.16.1\bin;C:\Program Files\Git\cmd;C:\Users\GGG\AppData\Local\Microsoft\WindowsApps;;D:\eclipse;
USERNAME=GGG
OS=Windows_NT
PROCESSOR_IDENTIFIER=Intel64 Family 6 Model 158 Stepping 10, GenuineIntel



---------------  S Y S T E M  ---------------

OS:
 Windows 10 , 64 bit Build 19041 (10.0.19041.2364)
OS uptime: 0 days 6:14 hours

CPU: total 12 (initial active 12) (6 cores per cpu, 2 threads per core) family 6 model 158 stepping 10 microcode 0xb4, cx8, cmov, fxsr, ht, mmx, 3dnowpref, sse, sse2, sse3, ssse3, sse4.1, sse4.2, popcnt, lzcnt, tsc, tscinvbit, avx, avx2, aes, erms, clmul, bmi1, bmi2, rtm, adx, fma, vzeroupper, clflush, clflushopt

Memory: 4k page, system-wide physical 16317M (3288M free)
TotalPageFile size 53818M (AvailPageFile size 5M)
current process WorkingSet (physical memory assigned to process): 65M, peak: 65M
current process commit charge ("private bytes"): 362M, peak: 362M

vm_info: OpenJDK 64-Bit Server VM (16.0.1+9-24) for windows-amd64 JRE (16.0.1+9-24), built on Mar 26 2021 19:30:07 by "mach5one" with MS VC++ 16.7 (VS2019)

END.
